2023-12-22 11:22:31 INFO  [main] o.s.b.w.e.tomcat.TomcatWebServer -
				Tomcat initialized with port(s): 8080 (http)
2023-12-22 11:22:31 INFO  [main] o.a.coyote.http11.Http11NioProtocol -
				Initializing ProtocolHandler ["http-nio-8080"]
2023-12-22 11:22:31 INFO  [main] o.a.catalina.core.StandardService -
				Starting service [Tomcat]
2023-12-22 11:22:31 INFO  [main] o.a.catalina.core.StandardEngine -
				Starting Servlet engine: [Apache Tomcat/9.0.80]
2023-12-22 11:22:31 INFO  [main] o.a.c.c.C.[Tomcat].[localhost].[/] -
				Initializing Spring embedded WebApplicationContext
2023-12-22 11:22:31 INFO  [main] o.s.b.w.s.c.ServletWebServerApplicationContext -
				Root WebApplicationContext: initialization completed in 1386 ms
2023-12-22 11:22:32 INFO  [main] o.a.coyote.http11.Http11NioProtocol -
				Starting ProtocolHandler ["http-nio-8080"]
2023-12-22 11:22:32 INFO  [main] o.s.b.w.e.tomcat.TomcatWebServer -
				Tomcat started on port(s): 8080 (http) with context path ''
2023-12-22 11:22:43 INFO  [http-nio-8080-exec-2] o.a.c.c.C.[Tomcat].[localhost].[/] -
				Initializing Spring DispatcherServlet 'dispatcherServlet'
2023-12-22 11:22:43 INFO  [http-nio-8080-exec-2] o.s.web.servlet.DispatcherServlet -
				Initializing Servlet 'dispatcherServlet'
2023-12-22 11:22:43 INFO  [http-nio-8080-exec-2] o.s.web.servlet.DispatcherServlet -
				Completed initialization in 1 ms
2023-12-22 11:23:02 INFO  [http-nio-8080-exec-2] com.zaxxer.hikari.HikariDataSource -
				HikariPool-1 - Starting...
2023-12-22 11:24:22 INFO  [http-nio-8080-exec-2] com.zaxxer.hikari.HikariDataSource -
				HikariPool-1 - Start completed.
2023-12-22 11:31:38 INFO  [main] o.s.b.w.e.tomcat.TomcatWebServer -
				Tomcat initialized with port(s): 8080 (http)
2023-12-22 11:31:38 INFO  [main] o.a.coyote.http11.Http11NioProtocol -
				Initializing ProtocolHandler ["http-nio-8080"]
2023-12-22 11:31:38 INFO  [main] o.a.catalina.core.StandardService -
				Starting service [Tomcat]
2023-12-22 11:31:38 INFO  [main] o.a.catalina.core.StandardEngine -
				Starting Servlet engine: [Apache Tomcat/9.0.80]
2023-12-22 11:31:38 INFO  [main] o.a.c.c.C.[Tomcat].[localhost].[/] -
				Initializing Spring embedded WebApplicationContext
2023-12-22 11:31:38 INFO  [main] o.s.b.w.s.c.ServletWebServerApplicationContext -
				Root WebApplicationContext: initialization completed in 1673 ms
2023-12-22 11:31:39 INFO  [main] o.a.coyote.http11.Http11NioProtocol -
				Starting ProtocolHandler ["http-nio-8080"]
2023-12-22 11:31:39 INFO  [main] o.s.b.w.e.tomcat.TomcatWebServer -
				Tomcat started on port(s): 8080 (http) with context path ''
2023-12-22 11:32:45 INFO  [http-nio-8080-exec-2] o.a.c.c.C.[Tomcat].[localhost].[/] -
				Initializing Spring DispatcherServlet 'dispatcherServlet'
2023-12-22 11:32:45 INFO  [http-nio-8080-exec-2] o.s.web.servlet.DispatcherServlet -
				Initializing Servlet 'dispatcherServlet'
2023-12-22 11:32:45 INFO  [http-nio-8080-exec-2] o.s.web.servlet.DispatcherServlet -
				Completed initialization in 0 ms
2023-12-22 11:32:45 INFO  [http-nio-8080-exec-2] com.zaxxer.hikari.HikariDataSource -
				HikariPool-1 - Starting...
2023-12-22 11:32:45 INFO  [http-nio-8080-exec-2] com.zaxxer.hikari.HikariDataSource -
				HikariPool-1 - Start completed.
2023-12-22 11:44:33 INFO  [main] o.s.b.w.e.tomcat.TomcatWebServer -
				Tomcat initialized with port(s): 8080 (http)
2023-12-22 11:44:33 INFO  [main] o.a.coyote.http11.Http11NioProtocol -
				Initializing ProtocolHandler ["http-nio-8080"]
2023-12-22 11:44:33 INFO  [main] o.a.catalina.core.StandardService -
				Starting service [Tomcat]
2023-12-22 11:44:33 INFO  [main] o.a.catalina.core.StandardEngine -
				Starting Servlet engine: [Apache Tomcat/9.0.80]
2023-12-22 11:44:34 INFO  [main] o.a.c.c.C.[Tomcat].[localhost].[/] -
				Initializing Spring embedded WebApplicationContext
2023-12-22 11:44:34 INFO  [main] o.s.b.w.s.c.ServletWebServerApplicationContext -
				Root WebApplicationContext: initialization completed in 1597 ms
2023-12-22 11:44:35 INFO  [main] o.a.coyote.http11.Http11NioProtocol -
				Starting ProtocolHandler ["http-nio-8080"]
2023-12-22 11:44:35 INFO  [main] o.s.b.w.e.tomcat.TomcatWebServer -
				Tomcat started on port(s): 8080 (http) with context path ''
2023-12-22 11:45:12 INFO  [http-nio-8080-exec-1] o.a.c.c.C.[Tomcat].[localhost].[/] -
				Initializing Spring DispatcherServlet 'dispatcherServlet'
2023-12-22 11:45:12 INFO  [http-nio-8080-exec-1] o.s.web.servlet.DispatcherServlet -
				Initializing Servlet 'dispatcherServlet'
2023-12-22 11:45:12 INFO  [http-nio-8080-exec-1] o.s.web.servlet.DispatcherServlet -
				Completed initialization in 1 ms
2023-12-22 11:45:12 INFO  [http-nio-8080-exec-1] com.zaxxer.hikari.HikariDataSource -
				HikariPool-1 - Starting...
2023-12-22 11:45:12 INFO  [http-nio-8080-exec-1] com.zaxxer.hikari.HikariDataSource -
				HikariPool-1 - Start completed.
2023-12-22 11:52:43 INFO  [main] o.s.b.w.e.tomcat.TomcatWebServer -
				Tomcat initialized with port(s): 8080 (http)
2023-12-22 11:52:43 INFO  [main] o.a.coyote.http11.Http11NioProtocol -
				Initializing ProtocolHandler ["http-nio-8080"]
2023-12-22 11:52:43 INFO  [main] o.a.catalina.core.StandardService -
				Starting service [Tomcat]
2023-12-22 11:52:43 INFO  [main] o.a.catalina.core.StandardEngine -
				Starting Servlet engine: [Apache Tomcat/9.0.80]
2023-12-22 11:52:43 INFO  [main] o.a.c.c.C.[Tomcat].[localhost].[/] -
				Initializing Spring embedded WebApplicationContext
2023-12-22 11:52:43 INFO  [main] o.s.b.w.s.c.ServletWebServerApplicationContext -
				Root WebApplicationContext: initialization completed in 1439 ms
2023-12-22 11:52:44 INFO  [main] o.a.coyote.http11.Http11NioProtocol -
				Starting ProtocolHandler ["http-nio-8080"]
2023-12-22 11:52:44 INFO  [main] o.s.b.w.e.tomcat.TomcatWebServer -
				Tomcat started on port(s): 8080 (http) with context path ''
2023-12-22 11:52:49 INFO  [http-nio-8080-exec-2] o.a.c.c.C.[Tomcat].[localhost].[/] -
				Initializing Spring DispatcherServlet 'dispatcherServlet'
2023-12-22 11:52:49 INFO  [http-nio-8080-exec-2] o.s.web.servlet.DispatcherServlet -
				Initializing Servlet 'dispatcherServlet'
2023-12-22 11:52:49 INFO  [http-nio-8080-exec-2] o.s.web.servlet.DispatcherServlet -
				Completed initialization in 1 ms
2023-12-22 11:52:49 INFO  [http-nio-8080-exec-2] com.zaxxer.hikari.HikariDataSource -
				HikariPool-1 - Starting...
2023-12-22 11:52:49 INFO  [http-nio-8080-exec-2] com.zaxxer.hikari.HikariDataSource -
				HikariPool-1 - Start completed.
2023-12-22 12:03:47 INFO  [main] o.s.b.w.e.tomcat.TomcatWebServer -
				Tomcat initialized with port(s): 8080 (http)
2023-12-22 12:03:47 INFO  [main] o.a.coyote.http11.Http11NioProtocol -
				Initializing ProtocolHandler ["http-nio-8080"]
2023-12-22 12:03:47 INFO  [main] o.a.catalina.core.StandardService -
				Starting service [Tomcat]
2023-12-22 12:03:47 INFO  [main] o.a.catalina.core.StandardEngine -
				Starting Servlet engine: [Apache Tomcat/9.0.80]
2023-12-22 12:03:47 INFO  [main] o.a.c.c.C.[Tomcat].[localhost].[/] -
				Initializing Spring embedded WebApplicationContext
2023-12-22 12:03:47 INFO  [main] o.s.b.w.s.c.ServletWebServerApplicationContext -
				Root WebApplicationContext: initialization completed in 1462 ms
2023-12-22 12:03:48 INFO  [main] o.a.coyote.http11.Http11NioProtocol -
				Starting ProtocolHandler ["http-nio-8080"]
2023-12-22 12:03:48 INFO  [main] o.s.b.w.e.tomcat.TomcatWebServer -
				Tomcat started on port(s): 8080 (http) with context path ''
2023-12-22 12:03:50 INFO  [http-nio-8080-exec-1] o.a.c.c.C.[Tomcat].[localhost].[/] -
				Initializing Spring DispatcherServlet 'dispatcherServlet'
2023-12-22 12:03:50 INFO  [http-nio-8080-exec-1] o.s.web.servlet.DispatcherServlet -
				Initializing Servlet 'dispatcherServlet'
2023-12-22 12:03:50 INFO  [http-nio-8080-exec-1] o.s.web.servlet.DispatcherServlet -
				Completed initialization in 0 ms
2023-12-22 12:03:50 INFO  [http-nio-8080-exec-1] com.zaxxer.hikari.HikariDataSource -
				HikariPool-1 - Starting...
2023-12-22 12:03:51 INFO  [http-nio-8080-exec-1] com.zaxxer.hikari.HikariDataSource -
				HikariPool-1 - Start completed.
2023-12-22 12:43:22 INFO  [main] o.s.b.w.e.tomcat.TomcatWebServer -
				Tomcat initialized with port(s): 8080 (http)
2023-12-22 12:43:22 INFO  [main] o.a.coyote.http11.Http11NioProtocol -
				Initializing ProtocolHandler ["http-nio-8080"]
2023-12-22 12:43:22 INFO  [main] o.a.catalina.core.StandardService -
				Starting service [Tomcat]
2023-12-22 12:43:22 INFO  [main] o.a.catalina.core.StandardEngine -
				Starting Servlet engine: [Apache Tomcat/9.0.80]
2023-12-22 12:43:22 INFO  [main] o.a.c.c.C.[Tomcat].[localhost].[/] -
				Initializing Spring embedded WebApplicationContext
2023-12-22 12:43:22 INFO  [main] o.s.b.w.s.c.ServletWebServerApplicationContext -
				Root WebApplicationContext: initialization completed in 1428 ms
2023-12-22 12:43:23 INFO  [main] o.a.coyote.http11.Http11NioProtocol -
				Starting ProtocolHandler ["http-nio-8080"]
2023-12-22 12:43:23 INFO  [main] o.s.b.w.e.tomcat.TomcatWebServer -
				Tomcat started on port(s): 8080 (http) with context path ''
2023-12-22 12:43:32 INFO  [http-nio-8080-exec-1] o.a.c.c.C.[Tomcat].[localhost].[/] -
				Initializing Spring DispatcherServlet 'dispatcherServlet'
2023-12-22 12:43:32 INFO  [http-nio-8080-exec-1] o.s.web.servlet.DispatcherServlet -
				Initializing Servlet 'dispatcherServlet'
2023-12-22 12:43:32 INFO  [http-nio-8080-exec-1] o.s.web.servlet.DispatcherServlet -
				Completed initialization in 1 ms
2023-12-22 12:43:32 INFO  [http-nio-8080-exec-1] com.zaxxer.hikari.HikariDataSource -
				HikariPool-1 - Starting...
2023-12-22 12:43:33 INFO  [http-nio-8080-exec-1] com.zaxxer.hikari.HikariDataSource -
				HikariPool-1 - Start completed.
2023-12-22 12:54:13 INFO  [main] o.s.b.w.e.tomcat.TomcatWebServer -
				Tomcat initialized with port(s): 8080 (http)
2023-12-22 12:54:13 INFO  [main] o.a.coyote.http11.Http11NioProtocol -
				Initializing ProtocolHandler ["http-nio-8080"]
2023-12-22 12:54:13 INFO  [main] o.a.catalina.core.StandardService -
				Starting service [Tomcat]
2023-12-22 12:54:13 INFO  [main] o.a.catalina.core.StandardEngine -
				Starting Servlet engine: [Apache Tomcat/9.0.80]
2023-12-22 12:54:13 INFO  [main] o.a.c.c.C.[Tomcat].[localhost].[/] -
				Initializing Spring embedded WebApplicationContext
2023-12-22 12:54:13 INFO  [main] o.s.b.w.s.c.ServletWebServerApplicationContext -
				Root WebApplicationContext: initialization completed in 1449 ms
2023-12-22 12:54:14 INFO  [main] o.a.coyote.http11.Http11NioProtocol -
				Starting ProtocolHandler ["http-nio-8080"]
2023-12-22 12:54:14 INFO  [main] o.s.b.w.e.tomcat.TomcatWebServer -
				Tomcat started on port(s): 8080 (http) with context path ''
2023-12-22 12:54:35 INFO  [http-nio-8080-exec-2] o.a.c.c.C.[Tomcat].[localhost].[/] -
				Initializing Spring DispatcherServlet 'dispatcherServlet'
2023-12-22 12:54:35 INFO  [http-nio-8080-exec-2] o.s.web.servlet.DispatcherServlet -
				Initializing Servlet 'dispatcherServlet'
2023-12-22 12:54:35 INFO  [http-nio-8080-exec-2] o.s.web.servlet.DispatcherServlet -
				Completed initialization in 1 ms
2023-12-22 12:54:43 INFO  [http-nio-8080-exec-2] com.zaxxer.hikari.HikariDataSource -
				HikariPool-1 - Starting...
2023-12-22 12:56:11 INFO  [http-nio-8080-exec-2] com.zaxxer.hikari.HikariDataSource -
				HikariPool-1 - Start completed.
2023-12-22 15:11:03 INFO  [main] o.s.b.w.e.tomcat.TomcatWebServer -
				Tomcat initialized with port(s): 8080 (http)
2023-12-22 15:11:03 INFO  [main] o.a.coyote.http11.Http11NioProtocol -
				Initializing ProtocolHandler ["http-nio-8080"]
2023-12-22 15:11:03 INFO  [main] o.a.catalina.core.StandardService -
				Starting service [Tomcat]
2023-12-22 15:11:03 INFO  [main] o.a.catalina.core.StandardEngine -
				Starting Servlet engine: [Apache Tomcat/9.0.80]
2023-12-22 15:11:03 INFO  [main] o.a.c.c.C.[Tomcat].[localhost].[/] -
				Initializing Spring embedded WebApplicationContext
2023-12-22 15:11:03 INFO  [main] o.s.b.w.s.c.ServletWebServerApplicationContext -
				Root WebApplicationContext: initialization completed in 1532 ms
2023-12-22 15:11:04 INFO  [main] o.a.coyote.http11.Http11NioProtocol -
				Starting ProtocolHandler ["http-nio-8080"]
2023-12-22 15:11:04 INFO  [main] o.s.b.w.e.tomcat.TomcatWebServer -
				Tomcat started on port(s): 8080 (http) with context path ''
2023-12-22 15:11:18 INFO  [http-nio-8080-exec-2] o.a.c.c.C.[Tomcat].[localhost].[/] -
				Initializing Spring DispatcherServlet 'dispatcherServlet'
2023-12-22 15:11:18 INFO  [http-nio-8080-exec-2] o.s.web.servlet.DispatcherServlet -
				Initializing Servlet 'dispatcherServlet'
2023-12-22 15:11:18 INFO  [http-nio-8080-exec-2] o.s.web.servlet.DispatcherServlet -
				Completed initialization in 1 ms
2023-12-22 15:11:18 INFO  [http-nio-8080-exec-2] com.zaxxer.hikari.HikariDataSource -
				HikariPool-1 - Starting...
2023-12-22 15:11:18 INFO  [http-nio-8080-exec-2] com.zaxxer.hikari.HikariDataSource -
				HikariPool-1 - Start completed.
2023-12-22 15:17:04 INFO  [main] o.s.b.w.e.tomcat.TomcatWebServer -
				Tomcat initialized with port(s): 8080 (http)
2023-12-22 15:17:04 INFO  [main] o.a.coyote.http11.Http11NioProtocol -
				Initializing ProtocolHandler ["http-nio-8080"]
2023-12-22 15:17:04 INFO  [main] o.a.catalina.core.StandardService -
				Starting service [Tomcat]
2023-12-22 15:17:04 INFO  [main] o.a.catalina.core.StandardEngine -
				Starting Servlet engine: [Apache Tomcat/9.0.80]
2023-12-22 15:17:04 INFO  [main] o.a.c.c.C.[Tomcat].[localhost].[/] -
				Initializing Spring embedded WebApplicationContext
2023-12-22 15:17:04 INFO  [main] o.s.b.w.s.c.ServletWebServerApplicationContext -
				Root WebApplicationContext: initialization completed in 1462 ms
2023-12-22 15:17:04 INFO  [main] o.a.coyote.http11.Http11NioProtocol -
				Starting ProtocolHandler ["http-nio-8080"]
2023-12-22 15:17:04 INFO  [main] o.s.b.w.e.tomcat.TomcatWebServer -
				Tomcat started on port(s): 8080 (http) with context path ''
2023-12-22 15:17:19 INFO  [http-nio-8080-exec-1] o.a.c.c.C.[Tomcat].[localhost].[/] -
				Initializing Spring DispatcherServlet 'dispatcherServlet'
2023-12-22 15:17:19 INFO  [http-nio-8080-exec-1] o.s.web.servlet.DispatcherServlet -
				Initializing Servlet 'dispatcherServlet'
2023-12-22 15:17:19 INFO  [http-nio-8080-exec-1] o.s.web.servlet.DispatcherServlet -
				Completed initialization in 1 ms
2023-12-22 15:17:19 INFO  [http-nio-8080-exec-1] com.zaxxer.hikari.HikariDataSource -
				HikariPool-1 - Starting...
2023-12-22 15:17:19 INFO  [http-nio-8080-exec-1] com.zaxxer.hikari.HikariDataSource -
				HikariPool-1 - Start completed.
2023-12-22 15:27:41 INFO  [main] o.s.b.w.e.tomcat.TomcatWebServer -
				Tomcat initialized with port(s): 8080 (http)
2023-12-22 15:27:41 INFO  [main] o.a.coyote.http11.Http11NioProtocol -
				Initializing ProtocolHandler ["http-nio-8080"]
2023-12-22 15:27:41 INFO  [main] o.a.catalina.core.StandardService -
				Starting service [Tomcat]
2023-12-22 15:27:41 INFO  [main] o.a.catalina.core.StandardEngine -
				Starting Servlet engine: [Apache Tomcat/9.0.80]
2023-12-22 15:27:41 INFO  [main] o.a.c.c.C.[Tomcat].[localhost].[/] -
				Initializing Spring embedded WebApplicationContext
2023-12-22 15:27:41 INFO  [main] o.s.b.w.s.c.ServletWebServerApplicationContext -
				Root WebApplicationContext: initialization completed in 1394 ms
2023-12-22 15:27:42 INFO  [main] o.a.coyote.http11.Http11NioProtocol -
				Starting ProtocolHandler ["http-nio-8080"]
2023-12-22 15:27:42 INFO  [main] o.s.b.w.e.tomcat.TomcatWebServer -
				Tomcat started on port(s): 8080 (http) with context path ''
2023-12-22 15:29:01 INFO  [main] o.s.b.w.e.tomcat.TomcatWebServer -
				Tomcat initialized with port(s): 8080 (http)
2023-12-22 15:29:01 INFO  [main] o.a.coyote.http11.Http11NioProtocol -
				Initializing ProtocolHandler ["http-nio-8080"]
2023-12-22 15:29:01 INFO  [main] o.a.catalina.core.StandardService -
				Starting service [Tomcat]
2023-12-22 15:29:01 INFO  [main] o.a.catalina.core.StandardEngine -
				Starting Servlet engine: [Apache Tomcat/9.0.80]
2023-12-22 15:29:01 INFO  [main] o.a.c.c.C.[Tomcat].[localhost].[/] -
				Initializing Spring embedded WebApplicationContext
2023-12-22 15:29:01 INFO  [main] o.s.b.w.s.c.ServletWebServerApplicationContext -
				Root WebApplicationContext: initialization completed in 1653 ms
2023-12-22 15:29:02 INFO  [main] o.a.coyote.http11.Http11NioProtocol -
				Starting ProtocolHandler ["http-nio-8080"]
2023-12-22 15:29:02 INFO  [main] o.s.b.w.e.tomcat.TomcatWebServer -
				Tomcat started on port(s): 8080 (http) with context path ''
2023-12-22 15:29:03 INFO  [http-nio-8080-exec-1] o.a.c.c.C.[Tomcat].[localhost].[/] -
				Initializing Spring DispatcherServlet 'dispatcherServlet'
2023-12-22 15:29:03 INFO  [http-nio-8080-exec-1] o.s.web.servlet.DispatcherServlet -
				Initializing Servlet 'dispatcherServlet'
2023-12-22 15:29:03 INFO  [http-nio-8080-exec-1] o.s.web.servlet.DispatcherServlet -
				Completed initialization in 1 ms
2023-12-22 15:29:07 INFO  [http-nio-8080-exec-1] com.zaxxer.hikari.HikariDataSource -
				HikariPool-1 - Starting...
2023-12-22 15:29:07 INFO  [http-nio-8080-exec-1] com.zaxxer.hikari.HikariDataSource -
				HikariPool-1 - Start completed.
2023-12-22 15:31:27 INFO  [main] o.s.b.w.e.tomcat.TomcatWebServer -
				Tomcat initialized with port(s): 8080 (http)
2023-12-22 15:31:27 INFO  [main] o.a.coyote.http11.Http11NioProtocol -
				Initializing ProtocolHandler ["http-nio-8080"]
2023-12-22 15:31:27 INFO  [main] o.a.catalina.core.StandardService -
				Starting service [Tomcat]
2023-12-22 15:31:27 INFO  [main] o.a.catalina.core.StandardEngine -
				Starting Servlet engine: [Apache Tomcat/9.0.80]
2023-12-22 15:31:27 INFO  [main] o.a.c.c.C.[Tomcat].[localhost].[/] -
				Initializing Spring embedded WebApplicationContext
2023-12-22 15:31:27 INFO  [main] o.s.b.w.s.c.ServletWebServerApplicationContext -
				Root WebApplicationContext: initialization completed in 1592 ms
2023-12-22 15:31:28 INFO  [main] o.a.coyote.http11.Http11NioProtocol -
				Starting ProtocolHandler ["http-nio-8080"]
2023-12-22 15:31:28 INFO  [main] o.s.b.w.e.tomcat.TomcatWebServer -
				Tomcat started on port(s): 8080 (http) with context path ''
2023-12-22 15:31:29 INFO  [http-nio-8080-exec-2] o.a.c.c.C.[Tomcat].[localhost].[/] -
				Initializing Spring DispatcherServlet 'dispatcherServlet'
2023-12-22 15:31:29 INFO  [http-nio-8080-exec-2] o.s.web.servlet.DispatcherServlet -
				Initializing Servlet 'dispatcherServlet'
2023-12-22 15:31:29 INFO  [http-nio-8080-exec-2] o.s.web.servlet.DispatcherServlet -
				Completed initialization in 1 ms
2023-12-22 15:31:40 INFO  [http-nio-8080-exec-2] com.zaxxer.hikari.HikariDataSource -
				HikariPool-1 - Starting...
2023-12-22 15:31:40 INFO  [http-nio-8080-exec-2] com.zaxxer.hikari.HikariDataSource -
				HikariPool-1 - Start completed.
2023-12-22 15:41:47 INFO  [main] o.s.b.w.e.tomcat.TomcatWebServer -
				Tomcat initialized with port(s): 8080 (http)
2023-12-22 15:41:47 INFO  [main] o.a.coyote.http11.Http11NioProtocol -
				Initializing ProtocolHandler ["http-nio-8080"]
2023-12-22 15:41:47 INFO  [main] o.a.catalina.core.StandardService -
				Starting service [Tomcat]
2023-12-22 15:41:47 INFO  [main] o.a.catalina.core.StandardEngine -
				Starting Servlet engine: [Apache Tomcat/9.0.80]
2023-12-22 15:41:47 INFO  [main] o.a.c.c.C.[Tomcat].[localhost].[/] -
				Initializing Spring embedded WebApplicationContext
2023-12-22 15:41:47 INFO  [main] o.s.b.w.s.c.ServletWebServerApplicationContext -
				Root WebApplicationContext: initialization completed in 1699 ms
2023-12-22 15:41:48 INFO  [main] o.a.coyote.http11.Http11NioProtocol -
				Starting ProtocolHandler ["http-nio-8080"]
2023-12-22 15:41:48 INFO  [main] o.s.b.w.e.tomcat.TomcatWebServer -
				Tomcat started on port(s): 8080 (http) with context path ''
2023-12-22 15:41:58 INFO  [http-nio-8080-exec-2] o.a.c.c.C.[Tomcat].[localhost].[/] -
				Initializing Spring DispatcherServlet 'dispatcherServlet'
2023-12-22 15:41:58 INFO  [http-nio-8080-exec-2] o.s.web.servlet.DispatcherServlet -
				Initializing Servlet 'dispatcherServlet'
2023-12-22 15:41:58 INFO  [http-nio-8080-exec-2] o.s.web.servlet.DispatcherServlet -
				Completed initialization in 1 ms
2023-12-22 15:42:02 INFO  [http-nio-8080-exec-2] com.zaxxer.hikari.HikariDataSource -
				HikariPool-1 - Starting...
2023-12-22 15:42:02 INFO  [http-nio-8080-exec-2] com.zaxxer.hikari.HikariDataSource -
				HikariPool-1 - Start completed.
2023-12-22 15:51:08 INFO  [main] o.s.b.w.e.tomcat.TomcatWebServer -
				Tomcat initialized with port(s): 8080 (http)
2023-12-22 15:51:08 INFO  [main] o.a.coyote.http11.Http11NioProtocol -
				Initializing ProtocolHandler ["http-nio-8080"]
2023-12-22 15:51:08 INFO  [main] o.a.catalina.core.StandardService -
				Starting service [Tomcat]
2023-12-22 15:51:08 INFO  [main] o.a.catalina.core.StandardEngine -
				Starting Servlet engine: [Apache Tomcat/9.0.80]
2023-12-22 15:51:08 INFO  [main] o.a.c.c.C.[Tomcat].[localhost].[/] -
				Initializing Spring embedded WebApplicationContext
2023-12-22 15:51:08 INFO  [main] o.s.b.w.s.c.ServletWebServerApplicationContext -
				Root WebApplicationContext: initialization completed in 1471 ms
2023-12-22 15:51:09 INFO  [main] o.a.coyote.http11.Http11NioProtocol -
				Starting ProtocolHandler ["http-nio-8080"]
2023-12-22 15:51:09 INFO  [main] o.a.coyote.http11.Http11NioProtocol -
				Pausing ProtocolHandler ["http-nio-8080"]
2023-12-22 15:51:09 INFO  [main] o.a.catalina.core.StandardService -
				Stopping service [Tomcat]
2023-12-22 15:51:09 INFO  [main] o.a.coyote.http11.Http11NioProtocol -
				Stopping ProtocolHandler ["http-nio-8080"]
2023-12-22 15:51:09 INFO  [main] o.a.coyote.http11.Http11NioProtocol -
				Destroying ProtocolHandler ["http-nio-8080"]
2023-12-22 15:51:09 INFO  [main] o.s.b.a.l.ConditionEvaluationReportLoggingListener -
				

Error starting ApplicationContext. To display the conditions report re-run your application with 'debug' enabled.
2023-12-22 15:51:21 INFO  [main] o.s.b.w.e.tomcat.TomcatWebServer -
				Tomcat initialized with port(s): 8080 (http)
2023-12-22 15:51:21 INFO  [main] o.a.coyote.http11.Http11NioProtocol -
				Initializing ProtocolHandler ["http-nio-8080"]
2023-12-22 15:51:21 INFO  [main] o.a.catalina.core.StandardService -
				Starting service [Tomcat]
2023-12-22 15:51:21 INFO  [main] o.a.catalina.core.StandardEngine -
				Starting Servlet engine: [Apache Tomcat/9.0.80]
2023-12-22 15:51:21 INFO  [main] o.a.c.c.C.[Tomcat].[localhost].[/] -
				Initializing Spring embedded WebApplicationContext
2023-12-22 15:51:21 INFO  [main] o.s.b.w.s.c.ServletWebServerApplicationContext -
				Root WebApplicationContext: initialization completed in 1374 ms
2023-12-22 15:51:21 INFO  [main] o.a.coyote.http11.Http11NioProtocol -
				Starting ProtocolHandler ["http-nio-8080"]
2023-12-22 15:51:22 INFO  [main] o.s.b.w.e.tomcat.TomcatWebServer -
				Tomcat started on port(s): 8080 (http) with context path ''
2023-12-22 15:51:36 INFO  [http-nio-8080-exec-2] o.a.c.c.C.[Tomcat].[localhost].[/] -
				Initializing Spring DispatcherServlet 'dispatcherServlet'
2023-12-22 15:51:36 INFO  [http-nio-8080-exec-2] o.s.web.servlet.DispatcherServlet -
				Initializing Servlet 'dispatcherServlet'
2023-12-22 15:51:36 INFO  [http-nio-8080-exec-2] o.s.web.servlet.DispatcherServlet -
				Completed initialization in 1 ms
2023-12-22 15:51:37 INFO  [http-nio-8080-exec-2] com.zaxxer.hikari.HikariDataSource -
				HikariPool-1 - Starting...
2023-12-22 15:51:38 INFO  [http-nio-8080-exec-2] com.zaxxer.hikari.HikariDataSource -
				HikariPool-1 - Start completed.
2023-12-22 16:12:09 INFO  [main] o.s.b.w.e.tomcat.TomcatWebServer -
				Tomcat initialized with port(s): 8080 (http)
2023-12-22 16:12:09 INFO  [main] o.a.coyote.http11.Http11NioProtocol -
				Initializing ProtocolHandler ["http-nio-8080"]
2023-12-22 16:12:09 INFO  [main] o.a.catalina.core.StandardService -
				Starting service [Tomcat]
2023-12-22 16:12:09 INFO  [main] o.a.catalina.core.StandardEngine -
				Starting Servlet engine: [Apache Tomcat/9.0.80]
2023-12-22 16:12:09 INFO  [main] o.a.c.c.C.[Tomcat].[localhost].[/] -
				Initializing Spring embedded WebApplicationContext
2023-12-22 16:12:09 INFO  [main] o.s.b.w.s.c.ServletWebServerApplicationContext -
				Root WebApplicationContext: initialization completed in 1982 ms
2023-12-22 16:12:10 INFO  [main] o.a.coyote.http11.Http11NioProtocol -
				Starting ProtocolHandler ["http-nio-8080"]
2023-12-22 16:12:10 INFO  [main] o.s.b.w.e.tomcat.TomcatWebServer -
				Tomcat started on port(s): 8080 (http) with context path ''
2023-12-22 16:12:20 INFO  [http-nio-8080-exec-2] o.a.c.c.C.[Tomcat].[localhost].[/] -
				Initializing Spring DispatcherServlet 'dispatcherServlet'
2023-12-22 16:12:20 INFO  [http-nio-8080-exec-2] o.s.web.servlet.DispatcherServlet -
				Initializing Servlet 'dispatcherServlet'
2023-12-22 16:12:20 INFO  [http-nio-8080-exec-2] o.s.web.servlet.DispatcherServlet -
				Completed initialization in 1 ms
2023-12-22 16:12:23 INFO  [http-nio-8080-exec-2] com.zaxxer.hikari.HikariDataSource -
				HikariPool-1 - Starting...
2023-12-22 16:12:24 INFO  [http-nio-8080-exec-2] com.zaxxer.hikari.HikariDataSource -
				HikariPool-1 - Start completed.
