2023-11-27 12:03:08 ERROR [main] o.s.boot.SpringApplication -
				Application run failed
java.lang.IllegalStateException: java.lang.IllegalStateException: Logback configuration error detected: 
ERROR in ch.qos.logback.core.joran.spi.Interpreter@26:24 - no applicable action for [cleanHistoryOnStart], current ElementPath  is [[configuration][appender][cleanHistoryOnStart]]
ERROR in ch.qos.logback.core.joran.spi.Interpreter@27:12 - no applicable action for [maxDays], current ElementPath  is [[configuration][appender][maxDays]]
ERROR in ch.qos.logback.core.joran.spi.Interpreter@49:24 - no applicable action for [cleanHistoryOnStart], current ElementPath  is [[configuration][appender][cleanHistoryOnStart]]
ERROR in ch.qos.logback.core.joran.spi.Interpreter@50:18 - no applicable action for [maxDays], current ElementPath  is [[configuration][appender][maxDays]]
ERROR in ch.qos.logback.core.joran.spi.Interpreter@26:24 - no applicable action for [cleanHistoryOnStart], current ElementPath  is [[configuration][appender][cleanHistoryOnStart]]
ERROR in ch.qos.logback.core.joran.spi.Interpreter@27:12 - no applicable action for [maxDays], current ElementPath  is [[configuration][appender][maxDays]]
ERROR in ch.qos.logback.core.joran.spi.Interpreter@49:24 - no applicable action for [cleanHistoryOnStart], current ElementPath  is [[configuration][appender][cleanHistoryOnStart]]
ERROR in ch.qos.logback.core.joran.spi.Interpreter@50:18 - no applicable action for [maxDays], current ElementPath  is [[configuration][appender][maxDays]]
	at org.springframework.boot.context.logging.LoggingApplicationListener.initializeSystem(LoggingApplicationListener.java:344)
	at org.springframework.boot.context.logging.LoggingApplicationListener.initialize(LoggingApplicationListener.java:298)
	at org.springframework.boot.context.logging.LoggingApplicationListener.onApplicationEnvironmentPreparedEvent(LoggingApplicationListener.java:246)
	at org.springframework.boot.context.logging.LoggingApplicationListener.onApplicationEvent(LoggingApplicationListener.java:223)
	at org.springframework.context.event.SimpleApplicationEventMulticaster.doInvokeListener(SimpleApplicationEventMulticaster.java:178)
	at org.springframework.context.event.SimpleApplicationEventMulticaster.invokeListener(SimpleApplicationEventMulticaster.java:171)
	at org.springframework.context.event.SimpleApplicationEventMulticaster.multicastEvent(SimpleApplicationEventMulticaster.java:145)
	at org.springframework.context.event.SimpleApplicationEventMulticaster.multicastEvent(SimpleApplicationEventMulticaster.java:133)
	at org.springframework.boot.context.event.EventPublishingRunListener.environmentPrepared(EventPublishingRunListener.java:85)
	at org.springframework.boot.SpringApplicationRunListeners.lambda$environmentPrepared$2(SpringApplicationRunListeners.java:66)
	at java.util.ArrayList.forEach(ArrayList.java:1249)
	at org.springframework.boot.SpringApplicationRunListeners.doWithListeners(SpringApplicationRunListeners.java:120)
	at org.springframework.boot.SpringApplicationRunListeners.doWithListeners(SpringApplicationRunListeners.java:114)
	at org.springframework.boot.SpringApplicationRunListeners.environmentPrepared(SpringApplicationRunListeners.java:65)
	at org.springframework.boot.SpringApplication.prepareEnvironment(SpringApplication.java:343)
	at org.springframework.boot.SpringApplication.run(SpringApplication.java:301)
	at org.springframework.boot.SpringApplication.run(SpringApplication.java:1303)
	at org.springframework.boot.SpringApplication.run(SpringApplication.java:1292)
	at com.concerto.crud.CrudApplication.main(CrudApplication.java:20)
Caused by: java.lang.IllegalStateException: Logback configuration error detected: 
ERROR in ch.qos.logback.core.joran.spi.Interpreter@26:24 - no applicable action for [cleanHistoryOnStart], current ElementPath  is [[configuration][appender][cleanHistoryOnStart]]
ERROR in ch.qos.logback.core.joran.spi.Interpreter@27:12 - no applicable action for [maxDays], current ElementPath  is [[configuration][appender][maxDays]]
ERROR in ch.qos.logback.core.joran.spi.Interpreter@49:24 - no applicable action for [cleanHistoryOnStart], current ElementPath  is [[configuration][appender][cleanHistoryOnStart]]
ERROR in ch.qos.logback.core.joran.spi.Interpreter@50:18 - no applicable action for [maxDays], current ElementPath  is [[configuration][appender][maxDays]]
ERROR in ch.qos.logback.core.joran.spi.Interpreter@26:24 - no applicable action for [cleanHistoryOnStart], current ElementPath  is [[configuration][appender][cleanHistoryOnStart]]
ERROR in ch.qos.logback.core.joran.spi.Interpreter@27:12 - no applicable action for [maxDays], current ElementPath  is [[configuration][appender][maxDays]]
ERROR in ch.qos.logback.core.joran.spi.Interpreter@49:24 - no applicable action for [cleanHistoryOnStart], current ElementPath  is [[configuration][appender][cleanHistoryOnStart]]
ERROR in ch.qos.logback.core.joran.spi.Interpreter@50:18 - no applicable action for [maxDays], current ElementPath  is [[configuration][appender][maxDays]]
	at org.springframework.boot.logging.logback.LogbackLoggingSystem.reportConfigurationErrorsIfNecessary(LogbackLoggingSystem.java:189)
	at org.springframework.boot.logging.logback.LogbackLoggingSystem.loadConfiguration(LogbackLoggingSystem.java:170)
	at org.springframework.boot.logging.AbstractLoggingSystem.initializeWithConventions(AbstractLoggingSystem.java:80)
	at org.springframework.boot.logging.AbstractLoggingSystem.initialize(AbstractLoggingSystem.java:60)
	at org.springframework.boot.logging.logback.LogbackLoggingSystem.initialize(LogbackLoggingSystem.java:132)
	at org.springframework.boot.context.logging.LoggingApplicationListener.initializeSystem(LoggingApplicationListener.java:329)
	... 18 common frames omitted
2023-11-27 12:03:33 ERROR [main] o.s.boot.SpringApplication -
				Application run failed
java.lang.IllegalStateException: java.lang.IllegalStateException: Logback configuration error detected: 
ERROR in ch.qos.logback.core.joran.spi.Interpreter@26:24 - no applicable action for [cleanHistoryOnStart], current ElementPath  is [[configuration][appender][cleanHistoryOnStart]]
ERROR in ch.qos.logback.core.joran.spi.Interpreter@27:12 - no applicable action for [maxDays], current ElementPath  is [[configuration][appender][maxDays]]
ERROR in ch.qos.logback.core.joran.spi.Interpreter@49:24 - no applicable action for [cleanHistoryOnStart], current ElementPath  is [[configuration][appender][cleanHistoryOnStart]]
ERROR in ch.qos.logback.core.joran.spi.Interpreter@50:18 - no applicable action for [maxDays], current ElementPath  is [[configuration][appender][maxDays]]
ERROR in ch.qos.logback.core.joran.spi.Interpreter@26:24 - no applicable action for [cleanHistoryOnStart], current ElementPath  is [[configuration][appender][cleanHistoryOnStart]]
ERROR in ch.qos.logback.core.joran.spi.Interpreter@27:12 - no applicable action for [maxDays], current ElementPath  is [[configuration][appender][maxDays]]
ERROR in ch.qos.logback.core.joran.spi.Interpreter@49:24 - no applicable action for [cleanHistoryOnStart], current ElementPath  is [[configuration][appender][cleanHistoryOnStart]]
ERROR in ch.qos.logback.core.joran.spi.Interpreter@50:18 - no applicable action for [maxDays], current ElementPath  is [[configuration][appender][maxDays]]
	at org.springframework.boot.context.logging.LoggingApplicationListener.initializeSystem(LoggingApplicationListener.java:344)
	at org.springframework.boot.context.logging.LoggingApplicationListener.initialize(LoggingApplicationListener.java:298)
	at org.springframework.boot.context.logging.LoggingApplicationListener.onApplicationEnvironmentPreparedEvent(LoggingApplicationListener.java:246)
	at org.springframework.boot.context.logging.LoggingApplicationListener.onApplicationEvent(LoggingApplicationListener.java:223)
	at org.springframework.context.event.SimpleApplicationEventMulticaster.doInvokeListener(SimpleApplicationEventMulticaster.java:178)
	at org.springframework.context.event.SimpleApplicationEventMulticaster.invokeListener(SimpleApplicationEventMulticaster.java:171)
	at org.springframework.context.event.SimpleApplicationEventMulticaster.multicastEvent(SimpleApplicationEventMulticaster.java:145)
	at org.springframework.context.event.SimpleApplicationEventMulticaster.multicastEvent(SimpleApplicationEventMulticaster.java:133)
	at org.springframework.boot.context.event.EventPublishingRunListener.environmentPrepared(EventPublishingRunListener.java:85)
	at org.springframework.boot.SpringApplicationRunListeners.lambda$environmentPrepared$2(SpringApplicationRunListeners.java:66)
	at java.util.ArrayList.forEach(ArrayList.java:1249)
	at org.springframework.boot.SpringApplicationRunListeners.doWithListeners(SpringApplicationRunListeners.java:120)
	at org.springframework.boot.SpringApplicationRunListeners.doWithListeners(SpringApplicationRunListeners.java:114)
	at org.springframework.boot.SpringApplicationRunListeners.environmentPrepared(SpringApplicationRunListeners.java:65)
	at org.springframework.boot.SpringApplication.prepareEnvironment(SpringApplication.java:343)
	at org.springframework.boot.SpringApplication.run(SpringApplication.java:301)
	at org.springframework.boot.SpringApplication.run(SpringApplication.java:1303)
	at org.springframework.boot.SpringApplication.run(SpringApplication.java:1292)
	at com.concerto.crud.CrudApplication.main(CrudApplication.java:20)
Caused by: java.lang.IllegalStateException: Logback configuration error detected: 
ERROR in ch.qos.logback.core.joran.spi.Interpreter@26:24 - no applicable action for [cleanHistoryOnStart], current ElementPath  is [[configuration][appender][cleanHistoryOnStart]]
ERROR in ch.qos.logback.core.joran.spi.Interpreter@27:12 - no applicable action for [maxDays], current ElementPath  is [[configuration][appender][maxDays]]
ERROR in ch.qos.logback.core.joran.spi.Interpreter@49:24 - no applicable action for [cleanHistoryOnStart], current ElementPath  is [[configuration][appender][cleanHistoryOnStart]]
ERROR in ch.qos.logback.core.joran.spi.Interpreter@50:18 - no applicable action for [maxDays], current ElementPath  is [[configuration][appender][maxDays]]
ERROR in ch.qos.logback.core.joran.spi.Interpreter@26:24 - no applicable action for [cleanHistoryOnStart], current ElementPath  is [[configuration][appender][cleanHistoryOnStart]]
ERROR in ch.qos.logback.core.joran.spi.Interpreter@27:12 - no applicable action for [maxDays], current ElementPath  is [[configuration][appender][maxDays]]
ERROR in ch.qos.logback.core.joran.spi.Interpreter@49:24 - no applicable action for [cleanHistoryOnStart], current ElementPath  is [[configuration][appender][cleanHistoryOnStart]]
ERROR in ch.qos.logback.core.joran.spi.Interpreter@50:18 - no applicable action for [maxDays], current ElementPath  is [[configuration][appender][maxDays]]
	at org.springframework.boot.logging.logback.LogbackLoggingSystem.reportConfigurationErrorsIfNecessary(LogbackLoggingSystem.java:189)
	at org.springframework.boot.logging.logback.LogbackLoggingSystem.loadConfiguration(LogbackLoggingSystem.java:170)
	at org.springframework.boot.logging.AbstractLoggingSystem.initializeWithConventions(AbstractLoggingSystem.java:80)
	at org.springframework.boot.logging.AbstractLoggingSystem.initialize(AbstractLoggingSystem.java:60)
	at org.springframework.boot.logging.logback.LogbackLoggingSystem.initialize(LogbackLoggingSystem.java:132)
	at org.springframework.boot.context.logging.LoggingApplicationListener.initializeSystem(LoggingApplicationListener.java:329)
	... 18 common frames omitted
2023-11-27 12:03:46 ERROR [main] o.s.boot.SpringApplication -
				Application run failed
java.lang.IllegalStateException: java.lang.IllegalStateException: Logback configuration error detected: 
ERROR in ch.qos.logback.core.joran.spi.Interpreter@26:24 - no applicable action for [cleanHistoryOnStart], current ElementPath  is [[configuration][appender][cleanHistoryOnStart]]
ERROR in ch.qos.logback.core.joran.spi.Interpreter@27:12 - no applicable action for [maxDays], current ElementPath  is [[configuration][appender][maxDays]]
ERROR in ch.qos.logback.core.joran.spi.Interpreter@49:24 - no applicable action for [cleanHistoryOnStart], current ElementPath  is [[configuration][appender][cleanHistoryOnStart]]
ERROR in ch.qos.logback.core.joran.spi.Interpreter@50:18 - no applicable action for [maxDays], current ElementPath  is [[configuration][appender][maxDays]]
ERROR in ch.qos.logback.core.joran.spi.Interpreter@26:24 - no applicable action for [cleanHistoryOnStart], current ElementPath  is [[configuration][appender][cleanHistoryOnStart]]
ERROR in ch.qos.logback.core.joran.spi.Interpreter@27:12 - no applicable action for [maxDays], current ElementPath  is [[configuration][appender][maxDays]]
ERROR in ch.qos.logback.core.joran.spi.Interpreter@49:24 - no applicable action for [cleanHistoryOnStart], current ElementPath  is [[configuration][appender][cleanHistoryOnStart]]
ERROR in ch.qos.logback.core.joran.spi.Interpreter@50:18 - no applicable action for [maxDays], current ElementPath  is [[configuration][appender][maxDays]]
	at org.springframework.boot.context.logging.LoggingApplicationListener.initializeSystem(LoggingApplicationListener.java:344)
	at org.springframework.boot.context.logging.LoggingApplicationListener.initialize(LoggingApplicationListener.java:298)
	at org.springframework.boot.context.logging.LoggingApplicationListener.onApplicationEnvironmentPreparedEvent(LoggingApplicationListener.java:246)
	at org.springframework.boot.context.logging.LoggingApplicationListener.onApplicationEvent(LoggingApplicationListener.java:223)
	at org.springframework.context.event.SimpleApplicationEventMulticaster.doInvokeListener(SimpleApplicationEventMulticaster.java:178)
	at org.springframework.context.event.SimpleApplicationEventMulticaster.invokeListener(SimpleApplicationEventMulticaster.java:171)
	at org.springframework.context.event.SimpleApplicationEventMulticaster.multicastEvent(SimpleApplicationEventMulticaster.java:145)
	at org.springframework.context.event.SimpleApplicationEventMulticaster.multicastEvent(SimpleApplicationEventMulticaster.java:133)
	at org.springframework.boot.context.event.EventPublishingRunListener.environmentPrepared(EventPublishingRunListener.java:85)
	at org.springframework.boot.SpringApplicationRunListeners.lambda$environmentPrepared$2(SpringApplicationRunListeners.java:66)
	at java.util.ArrayList.forEach(ArrayList.java:1249)
	at org.springframework.boot.SpringApplicationRunListeners.doWithListeners(SpringApplicationRunListeners.java:120)
	at org.springframework.boot.SpringApplicationRunListeners.doWithListeners(SpringApplicationRunListeners.java:114)
	at org.springframework.boot.SpringApplicationRunListeners.environmentPrepared(SpringApplicationRunListeners.java:65)
	at org.springframework.boot.SpringApplication.prepareEnvironment(SpringApplication.java:343)
	at org.springframework.boot.SpringApplication.run(SpringApplication.java:301)
	at org.springframework.boot.SpringApplication.run(SpringApplication.java:1303)
	at org.springframework.boot.SpringApplication.run(SpringApplication.java:1292)
	at com.concerto.crud.CrudApplication.main(CrudApplication.java:20)
Caused by: java.lang.IllegalStateException: Logback configuration error detected: 
ERROR in ch.qos.logback.core.joran.spi.Interpreter@26:24 - no applicable action for [cleanHistoryOnStart], current ElementPath  is [[configuration][appender][cleanHistoryOnStart]]
ERROR in ch.qos.logback.core.joran.spi.Interpreter@27:12 - no applicable action for [maxDays], current ElementPath  is [[configuration][appender][maxDays]]
ERROR in ch.qos.logback.core.joran.spi.Interpreter@49:24 - no applicable action for [cleanHistoryOnStart], current ElementPath  is [[configuration][appender][cleanHistoryOnStart]]
ERROR in ch.qos.logback.core.joran.spi.Interpreter@50:18 - no applicable action for [maxDays], current ElementPath  is [[configuration][appender][maxDays]]
ERROR in ch.qos.logback.core.joran.spi.Interpreter@26:24 - no applicable action for [cleanHistoryOnStart], current ElementPath  is [[configuration][appender][cleanHistoryOnStart]]
ERROR in ch.qos.logback.core.joran.spi.Interpreter@27:12 - no applicable action for [maxDays], current ElementPath  is [[configuration][appender][maxDays]]
ERROR in ch.qos.logback.core.joran.spi.Interpreter@49:24 - no applicable action for [cleanHistoryOnStart], current ElementPath  is [[configuration][appender][cleanHistoryOnStart]]
ERROR in ch.qos.logback.core.joran.spi.Interpreter@50:18 - no applicable action for [maxDays], current ElementPath  is [[configuration][appender][maxDays]]
	at org.springframework.boot.logging.logback.LogbackLoggingSystem.reportConfigurationErrorsIfNecessary(LogbackLoggingSystem.java:189)
	at org.springframework.boot.logging.logback.LogbackLoggingSystem.loadConfiguration(LogbackLoggingSystem.java:170)
	at org.springframework.boot.logging.AbstractLoggingSystem.initializeWithConventions(AbstractLoggingSystem.java:80)
	at org.springframework.boot.logging.AbstractLoggingSystem.initialize(AbstractLoggingSystem.java:60)
	at org.springframework.boot.logging.logback.LogbackLoggingSystem.initialize(LogbackLoggingSystem.java:132)
	at org.springframework.boot.context.logging.LoggingApplicationListener.initializeSystem(LoggingApplicationListener.java:329)
	... 18 common frames omitted
2023-11-27 12:05:07 ERROR [main] o.s.boot.SpringApplication -
				Application run failed
java.lang.IllegalStateException: java.lang.IllegalStateException: Logback configuration error detected: 
ERROR in ch.qos.logback.core.joran.spi.Interpreter@26:24 - no applicable action for [cleanHistoryOnStart], current ElementPath  is [[configuration][appender][cleanHistoryOnStart]]
ERROR in ch.qos.logback.core.joran.spi.Interpreter@27:12 - no applicable action for [maxDays], current ElementPath  is [[configuration][appender][maxDays]]
ERROR in ch.qos.logback.core.joran.spi.Interpreter@49:24 - no applicable action for [cleanHistoryOnStart], current ElementPath  is [[configuration][appender][cleanHistoryOnStart]]
ERROR in ch.qos.logback.core.joran.spi.Interpreter@50:18 - no applicable action for [maxDays], current ElementPath  is [[configuration][appender][maxDays]]
ERROR in ch.qos.logback.core.joran.spi.Interpreter@26:24 - no applicable action for [cleanHistoryOnStart], current ElementPath  is [[configuration][appender][cleanHistoryOnStart]]
ERROR in ch.qos.logback.core.joran.spi.Interpreter@27:12 - no applicable action for [maxDays], current ElementPath  is [[configuration][appender][maxDays]]
ERROR in ch.qos.logback.core.joran.spi.Interpreter@49:24 - no applicable action for [cleanHistoryOnStart], current ElementPath  is [[configuration][appender][cleanHistoryOnStart]]
ERROR in ch.qos.logback.core.joran.spi.Interpreter@50:18 - no applicable action for [maxDays], current ElementPath  is [[configuration][appender][maxDays]]
	at org.springframework.boot.context.logging.LoggingApplicationListener.initializeSystem(LoggingApplicationListener.java:344)
	at org.springframework.boot.context.logging.LoggingApplicationListener.initialize(LoggingApplicationListener.java:298)
	at org.springframework.boot.context.logging.LoggingApplicationListener.onApplicationEnvironmentPreparedEvent(LoggingApplicationListener.java:246)
	at org.springframework.boot.context.logging.LoggingApplicationListener.onApplicationEvent(LoggingApplicationListener.java:223)
	at org.springframework.context.event.SimpleApplicationEventMulticaster.doInvokeListener(SimpleApplicationEventMulticaster.java:178)
	at org.springframework.context.event.SimpleApplicationEventMulticaster.invokeListener(SimpleApplicationEventMulticaster.java:171)
	at org.springframework.context.event.SimpleApplicationEventMulticaster.multicastEvent(SimpleApplicationEventMulticaster.java:145)
	at org.springframework.context.event.SimpleApplicationEventMulticaster.multicastEvent(SimpleApplicationEventMulticaster.java:133)
	at org.springframework.boot.context.event.EventPublishingRunListener.environmentPrepared(EventPublishingRunListener.java:85)
	at org.springframework.boot.SpringApplicationRunListeners.lambda$environmentPrepared$2(SpringApplicationRunListeners.java:66)
	at java.util.ArrayList.forEach(ArrayList.java:1249)
	at org.springframework.boot.SpringApplicationRunListeners.doWithListeners(SpringApplicationRunListeners.java:120)
	at org.springframework.boot.SpringApplicationRunListeners.doWithListeners(SpringApplicationRunListeners.java:114)
	at org.springframework.boot.SpringApplicationRunListeners.environmentPrepared(SpringApplicationRunListeners.java:65)
	at org.springframework.boot.SpringApplication.prepareEnvironment(SpringApplication.java:343)
	at org.springframework.boot.SpringApplication.run(SpringApplication.java:301)
	at org.springframework.boot.SpringApplication.run(SpringApplication.java:1303)
	at org.springframework.boot.SpringApplication.run(SpringApplication.java:1292)
	at com.concerto.crud.CrudApplication.main(CrudApplication.java:20)
Caused by: java.lang.IllegalStateException: Logback configuration error detected: 
ERROR in ch.qos.logback.core.joran.spi.Interpreter@26:24 - no applicable action for [cleanHistoryOnStart], current ElementPath  is [[configuration][appender][cleanHistoryOnStart]]
ERROR in ch.qos.logback.core.joran.spi.Interpreter@27:12 - no applicable action for [maxDays], current ElementPath  is [[configuration][appender][maxDays]]
ERROR in ch.qos.logback.core.joran.spi.Interpreter@49:24 - no applicable action for [cleanHistoryOnStart], current ElementPath  is [[configuration][appender][cleanHistoryOnStart]]
ERROR in ch.qos.logback.core.joran.spi.Interpreter@50:18 - no applicable action for [maxDays], current ElementPath  is [[configuration][appender][maxDays]]
ERROR in ch.qos.logback.core.joran.spi.Interpreter@26:24 - no applicable action for [cleanHistoryOnStart], current ElementPath  is [[configuration][appender][cleanHistoryOnStart]]
ERROR in ch.qos.logback.core.joran.spi.Interpreter@27:12 - no applicable action for [maxDays], current ElementPath  is [[configuration][appender][maxDays]]
ERROR in ch.qos.logback.core.joran.spi.Interpreter@49:24 - no applicable action for [cleanHistoryOnStart], current ElementPath  is [[configuration][appender][cleanHistoryOnStart]]
ERROR in ch.qos.logback.core.joran.spi.Interpreter@50:18 - no applicable action for [maxDays], current ElementPath  is [[configuration][appender][maxDays]]
	at org.springframework.boot.logging.logback.LogbackLoggingSystem.reportConfigurationErrorsIfNecessary(LogbackLoggingSystem.java:189)
	at org.springframework.boot.logging.logback.LogbackLoggingSystem.loadConfiguration(LogbackLoggingSystem.java:170)
	at org.springframework.boot.logging.AbstractLoggingSystem.initializeWithConventions(AbstractLoggingSystem.java:80)
	at org.springframework.boot.logging.AbstractLoggingSystem.initialize(AbstractLoggingSystem.java:60)
	at org.springframework.boot.logging.logback.LogbackLoggingSystem.initialize(LogbackLoggingSystem.java:132)
	at org.springframework.boot.context.logging.LoggingApplicationListener.initializeSystem(LoggingApplicationListener.java:329)
	... 18 common frames omitted
