2023-11-23 17:06:14 INFO  [main] com.concerto.crud.CrudApplication - Starting CrudApplication using Java 1.8.0_144 on css-d-164 with PID 9424 (C:\Users\gayatri.hande\git\common_module\target\classes started by gayatri.hande in C:\Users\gayatri.hande\git\common_module)
2023-11-23 17:06:14 INFO  [main] com.concerto.crud.CrudApplication - No active profile set, falling back to 1 default profile: "default"
2023-11-23 17:06:15 INFO  [main] o.s.b.w.e.tomcat.TomcatWebServer - Tomcat initialized with port(s): 8080 (http)
2023-11-23 17:06:16 INFO  [main] o.a.coyote.http11.Http11NioProtocol - Initializing ProtocolHandler ["http-nio-8080"]
2023-11-23 17:06:16 INFO  [main] o.a.catalina.core.StandardService - Starting service [Tomcat]
2023-11-23 17:06:16 INFO  [main] o.a.catalina.core.StandardEngine - Starting Servlet engine: [Apache Tomcat/9.0.80]
2023-11-23 17:06:16 INFO  [main] o.a.c.c.C.[Tomcat].[localhost].[/] - Initializing Spring embedded WebApplicationContext
2023-11-23 17:06:16 INFO  [main] o.s.b.w.s.c.ServletWebServerApplicationContext - Root WebApplicationContext: initialization completed in 1172 ms
2023-11-23 17:06:16 INFO  [main] o.a.coyote.http11.Http11NioProtocol - Starting ProtocolHandler ["http-nio-8080"]
2023-11-23 17:06:16 INFO  [main] o.s.b.w.e.tomcat.TomcatWebServer - Tomcat started on port(s): 8080 (http) with context path ''
2023-11-23 17:06:16 INFO  [main] com.concerto.crud.CrudApplication - Started CrudApplication in 2.158 seconds (JVM running for 2.722)
2023-11-23 17:06:57 INFO  [http-nio-8080-exec-2] o.a.c.c.C.[Tomcat].[localhost].[/] - Initializing Spring DispatcherServlet 'dispatcherServlet'
2023-11-23 17:06:57 INFO  [http-nio-8080-exec-2] o.s.web.servlet.DispatcherServlet - Initializing Servlet 'dispatcherServlet'
2023-11-23 17:06:57 INFO  [http-nio-8080-exec-2] o.s.web.servlet.DispatcherServlet - Completed initialization in 3 ms
2023-11-23 17:08:16 INFO  [http-nio-8080-exec-5] c.concerto.crud.common.util.Logging - Enter_Merchant ID
2023-11-23 17:08:45 INFO  [http-nio-8080-exec-6] c.concerto.crud.common.util.Logging - Enter_Merchant ID
2023-11-23 17:09:00 INFO  [http-nio-8080-exec-7] c.concerto.crud.common.util.Logging - Enter_Merchant ID
2023-11-23 17:09:07 INFO  [http-nio-8080-exec-8] c.concerto.crud.common.util.Logging - Enter_Merchant ID
2023-11-23 17:17:36 INFO  [main] com.concerto.crud.CrudApplication - Starting CrudApplication using Java 1.8.0_144 on css-d-164 with PID 8400 (C:\Users\gayatri.hande\git\common_module\target\classes started by gayatri.hande in C:\Users\gayatri.hande\git\common_module)
2023-11-23 17:17:36 INFO  [main] com.concerto.crud.CrudApplication - No active profile set, falling back to 1 default profile: "default"
2023-11-23 17:17:37 INFO  [main] o.s.b.w.e.tomcat.TomcatWebServer - Tomcat initialized with port(s): 8080 (http)
2023-11-23 17:17:37 INFO  [main] o.a.coyote.http11.Http11NioProtocol - Initializing ProtocolHandler ["http-nio-8080"]
2023-11-23 17:17:37 INFO  [main] o.a.catalina.core.StandardService - Starting service [Tomcat]
2023-11-23 17:17:37 INFO  [main] o.a.catalina.core.StandardEngine - Starting Servlet engine: [Apache Tomcat/9.0.80]
2023-11-23 17:17:37 INFO  [main] o.a.c.c.C.[Tomcat].[localhost].[/] - Initializing Spring embedded WebApplicationContext
2023-11-23 17:17:37 INFO  [main] o.s.b.w.s.c.ServletWebServerApplicationContext - Root WebApplicationContext: initialization completed in 1249 ms
2023-11-23 17:17:38 INFO  [main] o.a.coyote.http11.Http11NioProtocol - Starting ProtocolHandler ["http-nio-8080"]
2023-11-23 17:17:38 INFO  [main] o.s.b.w.e.tomcat.TomcatWebServer - Tomcat started on port(s): 8080 (http) with context path ''
2023-11-23 17:17:38 INFO  [main] com.concerto.crud.CrudApplication - Started CrudApplication in 2.384 seconds (JVM running for 2.851)
2023-11-23 17:17:45 INFO  [http-nio-8080-exec-1] o.a.c.c.C.[Tomcat].[localhost].[/] - Initializing Spring DispatcherServlet 'dispatcherServlet'
2023-11-23 17:17:45 INFO  [http-nio-8080-exec-1] o.s.web.servlet.DispatcherServlet - Initializing Servlet 'dispatcherServlet'
2023-11-23 17:17:45 INFO  [http-nio-8080-exec-1] o.s.web.servlet.DispatcherServlet - Completed initialization in 1 ms
2023-11-23 17:28:00 INFO  [main] com.concerto.crud.CrudApplication - Starting CrudApplication using Java 1.8.0_144 on css-d-164 with PID 9976 (C:\Users\gayatri.hande\git\common_module\target\classes started by gayatri.hande in C:\Users\gayatri.hande\git\common_module)
2023-11-23 17:28:00 INFO  [main] com.concerto.crud.CrudApplication - No active profile set, falling back to 1 default profile: "default"
2023-11-23 17:28:01 INFO  [main] o.s.b.w.e.tomcat.TomcatWebServer - Tomcat initialized with port(s): 8080 (http)
2023-11-23 17:28:01 INFO  [main] o.a.coyote.http11.Http11NioProtocol - Initializing ProtocolHandler ["http-nio-8080"]
2023-11-23 17:28:01 INFO  [main] o.a.catalina.core.StandardService - Starting service [Tomcat]
2023-11-23 17:28:01 INFO  [main] o.a.catalina.core.StandardEngine - Starting Servlet engine: [Apache Tomcat/9.0.80]
2023-11-23 17:28:01 INFO  [main] o.a.c.c.C.[Tomcat].[localhost].[/] - Initializing Spring embedded WebApplicationContext
2023-11-23 17:28:01 INFO  [main] o.s.b.w.s.c.ServletWebServerApplicationContext - Root WebApplicationContext: initialization completed in 1334 ms
2023-11-23 17:28:02 INFO  [main] o.a.coyote.http11.Http11NioProtocol - Starting ProtocolHandler ["http-nio-8080"]
2023-11-23 17:28:02 INFO  [main] o.s.b.w.e.tomcat.TomcatWebServer - Tomcat started on port(s): 8080 (http) with context path ''
2023-11-23 17:28:02 INFO  [main] com.concerto.crud.CrudApplication - Started CrudApplication in 2.253 seconds (JVM running for 2.714)
2023-11-23 17:28:07 INFO  [http-nio-8080-exec-2] o.a.c.c.C.[Tomcat].[localhost].[/] - Initializing Spring DispatcherServlet 'dispatcherServlet'
2023-11-23 17:28:07 INFO  [http-nio-8080-exec-2] o.s.web.servlet.DispatcherServlet - Initializing Servlet 'dispatcherServlet'
2023-11-23 17:28:07 INFO  [http-nio-8080-exec-2] o.s.web.servlet.DispatcherServlet - Completed initialization in 4 ms
2023-11-23 17:29:39 INFO  [main] com.concerto.crud.CrudApplication - Starting CrudApplication using Java 1.8.0_144 on css-d-164 with PID 10524 (C:\Users\gayatri.hande\git\common_module\target\classes started by gayatri.hande in C:\Users\gayatri.hande\git\common_module)
2023-11-23 17:29:39 INFO  [main] com.concerto.crud.CrudApplication - No active profile set, falling back to 1 default profile: "default"
2023-11-23 17:29:40 INFO  [main] o.s.b.w.e.tomcat.TomcatWebServer - Tomcat initialized with port(s): 8080 (http)
2023-11-23 17:29:40 INFO  [main] o.a.coyote.http11.Http11NioProtocol - Initializing ProtocolHandler ["http-nio-8080"]
2023-11-23 17:29:40 INFO  [main] o.a.catalina.core.StandardService - Starting service [Tomcat]
2023-11-23 17:29:40 INFO  [main] o.a.catalina.core.StandardEngine - Starting Servlet engine: [Apache Tomcat/9.0.80]
2023-11-23 17:29:40 INFO  [main] o.a.c.c.C.[Tomcat].[localhost].[/] - Initializing Spring embedded WebApplicationContext
2023-11-23 17:29:40 INFO  [main] o.s.b.w.s.c.ServletWebServerApplicationContext - Root WebApplicationContext: initialization completed in 1330 ms
2023-11-23 17:29:41 INFO  [main] o.a.coyote.http11.Http11NioProtocol - Starting ProtocolHandler ["http-nio-8080"]
2023-11-23 17:29:41 INFO  [main] o.s.b.w.e.tomcat.TomcatWebServer - Tomcat started on port(s): 8080 (http) with context path ''
2023-11-23 17:29:41 INFO  [main] com.concerto.crud.CrudApplication - Started CrudApplication in 2.306 seconds (JVM running for 2.762)
2023-11-23 17:29:49 INFO  [http-nio-8080-exec-1] o.a.c.c.C.[Tomcat].[localhost].[/] - Initializing Spring DispatcherServlet 'dispatcherServlet'
2023-11-23 17:29:49 INFO  [http-nio-8080-exec-1] o.s.web.servlet.DispatcherServlet - Initializing Servlet 'dispatcherServlet'
2023-11-23 17:29:49 INFO  [http-nio-8080-exec-1] o.s.web.servlet.DispatcherServlet - Completed initialization in 2 ms
2023-11-23 17:29:49 INFO  [http-nio-8080-exec-1] c.concerto.crud.common.util.Logging - Enter_Merchant ID
2023-11-23 17:30:55 INFO  [main] com.concerto.crud.CrudApplication - Starting CrudApplication using Java 1.8.0_144 on css-d-164 with PID 448 (C:\Users\gayatri.hande\git\common_module\target\classes started by gayatri.hande in C:\Users\gayatri.hande\git\common_module)
2023-11-23 17:30:55 INFO  [main] com.concerto.crud.CrudApplication - No active profile set, falling back to 1 default profile: "default"
2023-11-23 17:30:57 INFO  [main] o.s.b.w.e.tomcat.TomcatWebServer - Tomcat initialized with port(s): 8080 (http)
2023-11-23 17:30:57 INFO  [main] o.a.coyote.http11.Http11NioProtocol - Initializing ProtocolHandler ["http-nio-8080"]
2023-11-23 17:30:57 INFO  [main] o.a.catalina.core.StandardService - Starting service [Tomcat]
2023-11-23 17:30:57 INFO  [main] o.a.catalina.core.StandardEngine - Starting Servlet engine: [Apache Tomcat/9.0.80]
2023-11-23 17:30:57 INFO  [main] o.a.c.c.C.[Tomcat].[localhost].[/] - Initializing Spring embedded WebApplicationContext
2023-11-23 17:30:57 INFO  [main] o.s.b.w.s.c.ServletWebServerApplicationContext - Root WebApplicationContext: initialization completed in 1418 ms
2023-11-23 17:30:58 INFO  [main] o.a.coyote.http11.Http11NioProtocol - Starting ProtocolHandler ["http-nio-8080"]
2023-11-23 17:30:58 INFO  [main] o.s.b.w.e.tomcat.TomcatWebServer - Tomcat started on port(s): 8080 (http) with context path ''
2023-11-23 17:30:58 INFO  [main] com.concerto.crud.CrudApplication - Started CrudApplication in 2.785 seconds (JVM running for 3.728)
2023-11-23 17:31:02 INFO  [http-nio-8080-exec-1] o.a.c.c.C.[Tomcat].[localhost].[/] - Initializing Spring DispatcherServlet 'dispatcherServlet'
2023-11-23 17:31:02 INFO  [http-nio-8080-exec-1] o.s.web.servlet.DispatcherServlet - Initializing Servlet 'dispatcherServlet'
2023-11-23 17:31:02 INFO  [http-nio-8080-exec-1] o.s.web.servlet.DispatcherServlet - Completed initialization in 6 ms
2023-11-23 17:31:23 INFO  [http-nio-8080-exec-1] c.concerto.crud.common.util.Logging - Enter_Merchant ID
2023-11-23 17:32:09 INFO  [http-nio-8080-exec-1] c.concerto.crud.common.util.Logging - Enter_Merchant ID
2023-11-23 17:39:20 INFO  [main] com.concerto.crud.CrudApplication - Starting CrudApplication using Java 1.8.0_144 on css-d-164 with PID 9728 (C:\Users\gayatri.hande\git\common_module\target\classes started by gayatri.hande in C:\Users\gayatri.hande\git\common_module)
2023-11-23 17:39:20 INFO  [main] com.concerto.crud.CrudApplication - No active profile set, falling back to 1 default profile: "default"
2023-11-23 17:39:21 INFO  [main] o.s.b.w.e.tomcat.TomcatWebServer - Tomcat initialized with port(s): 8080 (http)
2023-11-23 17:39:21 INFO  [main] o.a.coyote.http11.Http11NioProtocol - Initializing ProtocolHandler ["http-nio-8080"]
2023-11-23 17:39:21 INFO  [main] o.a.catalina.core.StandardService - Starting service [Tomcat]
2023-11-23 17:39:21 INFO  [main] o.a.catalina.core.StandardEngine - Starting Servlet engine: [Apache Tomcat/9.0.80]
2023-11-23 17:39:21 INFO  [main] o.a.c.c.C.[Tomcat].[localhost].[/] - Initializing Spring embedded WebApplicationContext
2023-11-23 17:39:21 INFO  [main] o.s.b.w.s.c.ServletWebServerApplicationContext - Root WebApplicationContext: initialization completed in 1179 ms
2023-11-23 17:39:21 INFO  [main] o.a.coyote.http11.Http11NioProtocol - Starting ProtocolHandler ["http-nio-8080"]
2023-11-23 17:39:21 INFO  [main] o.s.b.w.e.tomcat.TomcatWebServer - Tomcat started on port(s): 8080 (http) with context path ''
2023-11-23 17:39:21 INFO  [main] com.concerto.crud.CrudApplication - Started CrudApplication in 2.071 seconds (JVM running for 2.538)
2023-11-23 17:39:46 INFO  [http-nio-8080-exec-2] o.a.c.c.C.[Tomcat].[localhost].[/] - Initializing Spring DispatcherServlet 'dispatcherServlet'
2023-11-23 17:39:46 INFO  [http-nio-8080-exec-2] o.s.web.servlet.DispatcherServlet - Initializing Servlet 'dispatcherServlet'
2023-11-23 17:39:46 INFO  [http-nio-8080-exec-2] o.s.web.servlet.DispatcherServlet - Completed initialization in 4 ms
2023-11-23 17:39:46 INFO  [http-nio-8080-exec-2] c.concerto.crud.common.util.Logging - Enter_Merchant ID
2023-11-23 17:40:18 INFO  [main] com.concerto.crud.CrudApplication - Starting CrudApplication using Java 1.8.0_144 on css-d-164 with PID 14768 (C:\Users\gayatri.hande\git\common_module\target\classes started by gayatri.hande in C:\Users\gayatri.hande\git\common_module)
2023-11-23 17:40:18 INFO  [main] com.concerto.crud.CrudApplication - No active profile set, falling back to 1 default profile: "default"
2023-11-23 17:40:19 INFO  [main] o.s.b.w.e.tomcat.TomcatWebServer - Tomcat initialized with port(s): 8080 (http)
2023-11-23 17:40:19 INFO  [main] o.a.coyote.http11.Http11NioProtocol - Initializing ProtocolHandler ["http-nio-8080"]
2023-11-23 17:40:19 INFO  [main] o.a.catalina.core.StandardService - Starting service [Tomcat]
2023-11-23 17:40:19 INFO  [main] o.a.catalina.core.StandardEngine - Starting Servlet engine: [Apache Tomcat/9.0.80]
2023-11-23 17:40:19 INFO  [main] o.a.c.c.C.[Tomcat].[localhost].[/] - Initializing Spring embedded WebApplicationContext
2023-11-23 17:40:19 INFO  [main] o.s.b.w.s.c.ServletWebServerApplicationContext - Root WebApplicationContext: initialization completed in 1246 ms
2023-11-23 17:40:20 INFO  [main] o.a.coyote.http11.Http11NioProtocol - Starting ProtocolHandler ["http-nio-8080"]
2023-11-23 17:40:20 INFO  [main] o.s.b.w.e.tomcat.TomcatWebServer - Tomcat started on port(s): 8080 (http) with context path ''
2023-11-23 17:40:20 INFO  [main] com.concerto.crud.CrudApplication - Started CrudApplication in 2.216 seconds (JVM running for 2.733)
2023-11-23 17:40:38 INFO  [http-nio-8080-exec-2] o.a.c.c.C.[Tomcat].[localhost].[/] - Initializing Spring DispatcherServlet 'dispatcherServlet'
2023-11-23 17:40:38 INFO  [http-nio-8080-exec-2] o.s.web.servlet.DispatcherServlet - Initializing Servlet 'dispatcherServlet'
2023-11-23 17:40:38 INFO  [http-nio-8080-exec-2] o.s.web.servlet.DispatcherServlet - Completed initialization in 1 ms
2023-11-23 17:41:39 INFO  [main] com.concerto.crud.CrudApplication - Starting CrudApplication using Java 1.8.0_144 on css-d-164 with PID 14964 (C:\Users\gayatri.hande\git\common_module\target\classes started by gayatri.hande in C:\Users\gayatri.hande\git\common_module)
2023-11-23 17:41:39 INFO  [main] com.concerto.crud.CrudApplication - No active profile set, falling back to 1 default profile: "default"
2023-11-23 17:41:40 INFO  [main] o.s.b.w.e.tomcat.TomcatWebServer - Tomcat initialized with port(s): 8080 (http)
2023-11-23 17:41:40 INFO  [main] o.a.coyote.http11.Http11NioProtocol - Initializing ProtocolHandler ["http-nio-8080"]
2023-11-23 17:41:40 INFO  [main] o.a.catalina.core.StandardService - Starting service [Tomcat]
2023-11-23 17:41:40 INFO  [main] o.a.catalina.core.StandardEngine - Starting Servlet engine: [Apache Tomcat/9.0.80]
2023-11-23 17:41:41 INFO  [main] o.a.c.c.C.[Tomcat].[localhost].[/] - Initializing Spring embedded WebApplicationContext
2023-11-23 17:41:41 INFO  [main] o.s.b.w.s.c.ServletWebServerApplicationContext - Root WebApplicationContext: initialization completed in 1366 ms
2023-11-23 17:41:41 INFO  [main] o.a.coyote.http11.Http11NioProtocol - Starting ProtocolHandler ["http-nio-8080"]
2023-11-23 17:41:41 INFO  [main] o.s.b.w.e.tomcat.TomcatWebServer - Tomcat started on port(s): 8080 (http) with context path ''
2023-11-23 17:41:41 INFO  [main] com.concerto.crud.CrudApplication - Started CrudApplication in 2.421 seconds (JVM running for 2.882)
2023-11-23 17:41:45 INFO  [http-nio-8080-exec-2] o.a.c.c.C.[Tomcat].[localhost].[/] - Initializing Spring DispatcherServlet 'dispatcherServlet'
2023-11-23 17:41:45 INFO  [http-nio-8080-exec-2] o.s.web.servlet.DispatcherServlet - Initializing Servlet 'dispatcherServlet'
2023-11-23 17:41:45 INFO  [http-nio-8080-exec-2] o.s.web.servlet.DispatcherServlet - Completed initialization in 1 ms
2023-11-23 17:41:45 INFO  [http-nio-8080-exec-2] c.concerto.crud.common.util.Logging - Enter_password profile id
2023-11-23 17:42:37 INFO  [http-nio-8080-exec-3] c.concerto.crud.common.util.Logging - Enter_password profile id
2023-11-23 17:51:26 INFO  [main] com.concerto.crud.CrudApplication - Starting CrudApplication using Java 1.8.0_144 on css-d-164 with PID 3636 (D:\MY_PROJECTS\crudOperationWithoutBean4\target\classes started by gayatri.hande in D:\MY_PROJECTS\crudOperationWithoutBean4)
2023-11-23 17:51:26 INFO  [main] com.concerto.crud.CrudApplication - No active profile set, falling back to 1 default profile: "default"
2023-11-23 17:51:27 INFO  [main] o.s.b.w.e.tomcat.TomcatWebServer - Tomcat initialized with port(s): 8080 (http)
2023-11-23 17:51:27 INFO  [main] o.a.coyote.http11.Http11NioProtocol - Initializing ProtocolHandler ["http-nio-8080"]
2023-11-23 17:51:27 INFO  [main] o.a.catalina.core.StandardService - Starting service [Tomcat]
2023-11-23 17:51:27 INFO  [main] o.a.catalina.core.StandardEngine - Starting Servlet engine: [Apache Tomcat/9.0.80]
2023-11-23 17:51:27 INFO  [main] o.a.c.c.C.[Tomcat].[localhost].[/] - Initializing Spring embedded WebApplicationContext
2023-11-23 17:51:27 INFO  [main] o.s.b.w.s.c.ServletWebServerApplicationContext - Root WebApplicationContext: initialization completed in 1203 ms
2023-11-23 17:51:27 INFO  [main] o.a.coyote.http11.Http11NioProtocol - Starting ProtocolHandler ["http-nio-8080"]
2023-11-23 17:51:27 INFO  [main] o.s.b.w.e.tomcat.TomcatWebServer - Tomcat started on port(s): 8080 (http) with context path ''
2023-11-23 17:51:27 INFO  [main] com.concerto.crud.CrudApplication - Started CrudApplication in 2.068 seconds (JVM running for 2.512)
2023-11-23 17:51:45 INFO  [http-nio-8080-exec-1] o.a.c.c.C.[Tomcat].[localhost].[/] - Initializing Spring DispatcherServlet 'dispatcherServlet'
2023-11-23 17:51:45 INFO  [http-nio-8080-exec-1] o.s.web.servlet.DispatcherServlet - Initializing Servlet 'dispatcherServlet'
2023-11-23 17:51:45 INFO  [http-nio-8080-exec-1] o.s.web.servlet.DispatcherServlet - Completed initialization in 3 ms
2023-11-23 18:34:42 INFO  [main] com.concerto.crud.CrudApplication - Starting CrudApplication using Java 1.8.0_144 on css-d-164 with PID 2144 (C:\Users\gayatri.hande\git\common_module\target\classes started by gayatri.hande in C:\Users\gayatri.hande\git\common_module)
2023-11-23 18:34:42 INFO  [main] com.concerto.crud.CrudApplication - No active profile set, falling back to 1 default profile: "default"
2023-11-23 18:34:43 INFO  [main] o.s.b.w.e.tomcat.TomcatWebServer - Tomcat initialized with port(s): 8080 (http)
2023-11-23 18:34:43 INFO  [main] o.a.coyote.http11.Http11NioProtocol - Initializing ProtocolHandler ["http-nio-8080"]
2023-11-23 18:34:43 INFO  [main] o.a.catalina.core.StandardService - Starting service [Tomcat]
2023-11-23 18:34:43 INFO  [main] o.a.catalina.core.StandardEngine - Starting Servlet engine: [Apache Tomcat/9.0.80]
2023-11-23 18:34:44 INFO  [main] o.a.c.c.C.[Tomcat].[localhost].[/] - Initializing Spring embedded WebApplicationContext
2023-11-23 18:34:44 INFO  [main] o.s.b.w.s.c.ServletWebServerApplicationContext - Root WebApplicationContext: initialization completed in 1440 ms
2023-11-23 18:34:44 INFO  [main] o.a.coyote.http11.Http11NioProtocol - Starting ProtocolHandler ["http-nio-8080"]
2023-11-23 18:34:44 INFO  [main] o.s.b.w.e.tomcat.TomcatWebServer - Tomcat started on port(s): 8080 (http) with context path ''
2023-11-23 18:34:44 INFO  [main] com.concerto.crud.CrudApplication - Started CrudApplication in 2.598 seconds (JVM running for 3.084)
2023-11-23 18:34:46 INFO  [http-nio-8080-exec-1] o.a.c.c.C.[Tomcat].[localhost].[/] - Initializing Spring DispatcherServlet 'dispatcherServlet'
2023-11-23 18:34:46 INFO  [http-nio-8080-exec-1] o.s.web.servlet.DispatcherServlet - Initializing Servlet 'dispatcherServlet'
2023-11-23 18:34:46 INFO  [http-nio-8080-exec-1] o.s.web.servlet.DispatcherServlet - Completed initialization in 4 ms
2023-11-23 18:34:47 INFO  [http-nio-8080-exec-1] c.concerto.crud.common.util.Logging - Data Inserted Successfully to temp table
2023-11-23 18:48:47 INFO  [http-nio-8080-exec-7] c.concerto.crud.common.util.Logging - Data Inserted Successfully to hist table
2023-11-23 18:48:47 INFO  [http-nio-8080-exec-7] c.concerto.crud.common.util.Logging - Data Inserted Successfully to master table
2023-11-23 18:48:47 INFO  [http-nio-8080-exec-7] c.concerto.crud.common.util.Logging - Data Inserted Successfully to master table
2023-11-23 18:49:05 INFO  [http-nio-8080-exec-9] c.concerto.crud.common.util.Logging - Data Inserted Successfully to temp table
2023-11-23 18:53:56 INFO  [http-nio-8080-exec-6] c.concerto.crud.common.util.Logging - Data Inserted Successfully to hist table
2023-11-23 19:08:08 INFO  [main] com.concerto.crud.CrudApplication - Starting CrudApplication using Java 1.8.0_144 on css-d-164 with PID 2480 (C:\Users\gayatri.hande\git\common_module\target\classes started by gayatri.hande in C:\Users\gayatri.hande\git\common_module)
2023-11-23 19:08:08 INFO  [main] com.concerto.crud.CrudApplication - No active profile set, falling back to 1 default profile: "default"
2023-11-23 19:08:10 INFO  [main] o.s.b.w.e.tomcat.TomcatWebServer - Tomcat initialized with port(s): 8080 (http)
2023-11-23 19:08:10 INFO  [main] o.a.coyote.http11.Http11NioProtocol - Initializing ProtocolHandler ["http-nio-8080"]
2023-11-23 19:08:10 INFO  [main] o.a.catalina.core.StandardService - Starting service [Tomcat]
2023-11-23 19:08:10 INFO  [main] o.a.catalina.core.StandardEngine - Starting Servlet engine: [Apache Tomcat/9.0.80]
2023-11-23 19:08:10 INFO  [main] o.a.c.c.C.[Tomcat].[localhost].[/] - Initializing Spring embedded WebApplicationContext
2023-11-23 19:08:10 INFO  [main] o.s.b.w.s.c.ServletWebServerApplicationContext - Root WebApplicationContext: initialization completed in 1328 ms
2023-11-23 19:08:10 INFO  [main] o.a.coyote.http11.Http11NioProtocol - Starting ProtocolHandler ["http-nio-8080"]
2023-11-23 19:08:10 INFO  [main] o.s.b.w.e.tomcat.TomcatWebServer - Tomcat started on port(s): 8080 (http) with context path ''
2023-11-23 19:08:10 INFO  [main] com.concerto.crud.CrudApplication - Started CrudApplication in 2.415 seconds (JVM running for 2.881)
2023-11-23 19:08:17 INFO  [http-nio-8080-exec-1] o.a.c.c.C.[Tomcat].[localhost].[/] - Initializing Spring DispatcherServlet 'dispatcherServlet'
2023-11-23 19:08:17 INFO  [http-nio-8080-exec-1] o.s.web.servlet.DispatcherServlet - Initializing Servlet 'dispatcherServlet'
2023-11-23 19:08:17 INFO  [http-nio-8080-exec-1] o.s.web.servlet.DispatcherServlet - Completed initialization in 8 ms
2023-11-23 19:08:21 INFO  [http-nio-8080-exec-3] c.concerto.crud.common.util.Logging - Data Inserted Successfully to hist table
2023-11-23 19:16:50 INFO  [main] com.concerto.crud.CrudApplication - Starting CrudApplication using Java 1.8.0_144 on css-d-164 with PID 7460 (C:\Users\gayatri.hande\git\common_module\target\classes started by gayatri.hande in C:\Users\gayatri.hande\git\common_module)
2023-11-23 19:16:50 INFO  [main] com.concerto.crud.CrudApplication - No active profile set, falling back to 1 default profile: "default"
2023-11-23 19:16:51 INFO  [main] o.s.b.w.e.tomcat.TomcatWebServer - Tomcat initialized with port(s): 8080 (http)
2023-11-23 19:16:51 INFO  [main] o.a.coyote.http11.Http11NioProtocol - Initializing ProtocolHandler ["http-nio-8080"]
2023-11-23 19:16:51 INFO  [main] o.a.catalina.core.StandardService - Starting service [Tomcat]
2023-11-23 19:16:51 INFO  [main] o.a.catalina.core.StandardEngine - Starting Servlet engine: [Apache Tomcat/9.0.80]
2023-11-23 19:16:51 INFO  [main] o.a.c.c.C.[Tomcat].[localhost].[/] - Initializing Spring embedded WebApplicationContext
2023-11-23 19:16:51 INFO  [main] o.s.b.w.s.c.ServletWebServerApplicationContext - Root WebApplicationContext: initialization completed in 1224 ms
2023-11-23 19:16:52 INFO  [main] o.a.coyote.http11.Http11NioProtocol - Starting ProtocolHandler ["http-nio-8080"]
2023-11-23 19:16:52 INFO  [main] o.s.b.w.e.tomcat.TomcatWebServer - Tomcat started on port(s): 8080 (http) with context path ''
2023-11-23 19:16:52 INFO  [main] com.concerto.crud.CrudApplication - Started CrudApplication in 2.436 seconds (JVM running for 2.897)
2023-11-23 19:16:55 INFO  [http-nio-8080-exec-2] o.a.c.c.C.[Tomcat].[localhost].[/] - Initializing Spring DispatcherServlet 'dispatcherServlet'
2023-11-23 19:16:55 INFO  [http-nio-8080-exec-2] o.s.web.servlet.DispatcherServlet - Initializing Servlet 'dispatcherServlet'
2023-11-23 19:16:55 INFO  [http-nio-8080-exec-2] o.s.web.servlet.DispatcherServlet - Completed initialization in 4 ms
