2023-12-07 10:20:11 INFO  [main] o.s.b.w.e.tomcat.TomcatWebServer -
				Tomcat initialized with port(s): 8080 (http)
2023-12-07 10:20:11 INFO  [main] o.a.coyote.http11.Http11NioProtocol -
				Initializing ProtocolHandler ["http-nio-8080"]
2023-12-07 10:20:11 INFO  [main] o.a.catalina.core.StandardService -
				Starting service [Tomcat]
2023-12-07 10:20:11 INFO  [main] o.a.catalina.core.StandardEngine -
				Starting Servlet engine: [Apache Tomcat/9.0.80]
2023-12-07 10:20:11 INFO  [main] o.a.c.c.C.[Tomcat].[localhost].[/] -
				Initializing Spring embedded WebApplicationContext
2023-12-07 10:20:11 INFO  [main] o.s.b.w.s.c.ServletWebServerApplicationContext -
				Root WebApplicationContext: initialization completed in 2856 ms
2023-12-07 10:20:12 INFO  [main] o.a.coyote.http11.Http11NioProtocol -
				Starting ProtocolHandler ["http-nio-8080"]
2023-12-07 10:20:12 INFO  [main] o.s.b.w.e.tomcat.TomcatWebServer -
				Tomcat started on port(s): 8080 (http) with context path ''
2023-12-07 10:20:45 INFO  [http-nio-8080-exec-2] o.a.c.c.C.[Tomcat].[localhost].[/] -
				Initializing Spring DispatcherServlet 'dispatcherServlet'
2023-12-07 10:20:45 INFO  [http-nio-8080-exec-2] o.s.web.servlet.DispatcherServlet -
				Initializing Servlet 'dispatcherServlet'
2023-12-07 10:20:45 INFO  [http-nio-8080-exec-2] o.s.web.servlet.DispatcherServlet -
				Completed initialization in 2 ms
2023-12-07 12:16:47 INFO  [main] o.s.b.w.e.tomcat.TomcatWebServer -
				Tomcat initialized with port(s): 8080 (http)
2023-12-07 12:16:47 INFO  [main] o.a.coyote.http11.Http11NioProtocol -
				Initializing ProtocolHandler ["http-nio-8080"]
2023-12-07 12:16:47 INFO  [main] o.a.catalina.core.StandardService -
				Starting service [Tomcat]
2023-12-07 12:16:47 INFO  [main] o.a.catalina.core.StandardEngine -
				Starting Servlet engine: [Apache Tomcat/9.0.80]
2023-12-07 12:16:47 INFO  [main] o.a.c.c.C.[Tomcat].[localhost].[/] -
				Initializing Spring embedded WebApplicationContext
2023-12-07 12:16:47 INFO  [main] o.s.b.w.s.c.ServletWebServerApplicationContext -
				Root WebApplicationContext: initialization completed in 1530 ms
2023-12-07 12:16:48 INFO  [main] o.a.coyote.http11.Http11NioProtocol -
				Starting ProtocolHandler ["http-nio-8080"]
2023-12-07 12:16:48 INFO  [main] o.s.b.w.e.tomcat.TomcatWebServer -
				Tomcat started on port(s): 8080 (http) with context path ''
2023-12-07 12:16:59 INFO  [http-nio-8080-exec-2] o.a.c.c.C.[Tomcat].[localhost].[/] -
				Initializing Spring DispatcherServlet 'dispatcherServlet'
2023-12-07 12:16:59 INFO  [http-nio-8080-exec-2] o.s.web.servlet.DispatcherServlet -
				Initializing Servlet 'dispatcherServlet'
2023-12-07 12:16:59 INFO  [http-nio-8080-exec-2] o.s.web.servlet.DispatcherServlet -
				Completed initialization in 1 ms
2023-12-07 12:16:59 INFO  [http-nio-8080-exec-2] com.zaxxer.hikari.HikariDataSource -
				HikariPool-1 - Starting...
2023-12-07 12:17:00 INFO  [http-nio-8080-exec-2] com.zaxxer.hikari.HikariDataSource -
				HikariPool-1 - Start completed.
2023-12-07 12:53:45 INFO  [main] o.s.b.w.e.tomcat.TomcatWebServer -
				Tomcat initialized with port(s): 8080 (http)
2023-12-07 12:53:45 INFO  [main] o.a.coyote.http11.Http11NioProtocol -
				Initializing ProtocolHandler ["http-nio-8080"]
2023-12-07 12:53:45 INFO  [main] o.a.catalina.core.StandardService -
				Starting service [Tomcat]
2023-12-07 12:53:45 INFO  [main] o.a.catalina.core.StandardEngine -
				Starting Servlet engine: [Apache Tomcat/9.0.80]
2023-12-07 12:53:45 INFO  [main] o.a.c.c.C.[Tomcat].[localhost].[/] -
				Initializing Spring embedded WebApplicationContext
2023-12-07 12:53:45 INFO  [main] o.s.b.w.s.c.ServletWebServerApplicationContext -
				Root WebApplicationContext: initialization completed in 1356 ms
2023-12-07 12:53:46 INFO  [main] o.a.coyote.http11.Http11NioProtocol -
				Starting ProtocolHandler ["http-nio-8080"]
2023-12-07 12:53:46 INFO  [main] o.s.b.w.e.tomcat.TomcatWebServer -
				Tomcat started on port(s): 8080 (http) with context path ''
2023-12-07 12:53:58 INFO  [http-nio-8080-exec-2] o.a.c.c.C.[Tomcat].[localhost].[/] -
				Initializing Spring DispatcherServlet 'dispatcherServlet'
2023-12-07 12:53:58 INFO  [http-nio-8080-exec-2] o.s.web.servlet.DispatcherServlet -
				Initializing Servlet 'dispatcherServlet'
2023-12-07 12:53:58 INFO  [http-nio-8080-exec-2] o.s.web.servlet.DispatcherServlet -
				Completed initialization in 2 ms
2023-12-07 12:53:58 INFO  [http-nio-8080-exec-2] com.zaxxer.hikari.HikariDataSource -
				HikariPool-1 - Starting...
2023-12-07 12:53:59 INFO  [http-nio-8080-exec-2] com.zaxxer.hikari.HikariDataSource -
				HikariPool-1 - Start completed.
2023-12-07 12:55:06 INFO  [main] o.s.b.w.e.tomcat.TomcatWebServer -
				Tomcat initialized with port(s): 8080 (http)
2023-12-07 12:55:06 INFO  [main] o.a.coyote.http11.Http11NioProtocol -
				Initializing ProtocolHandler ["http-nio-8080"]
2023-12-07 12:55:06 INFO  [main] o.a.catalina.core.StandardService -
				Starting service [Tomcat]
2023-12-07 12:55:06 INFO  [main] o.a.catalina.core.StandardEngine -
				Starting Servlet engine: [Apache Tomcat/9.0.80]
2023-12-07 12:55:06 INFO  [main] o.a.c.c.C.[Tomcat].[localhost].[/] -
				Initializing Spring embedded WebApplicationContext
2023-12-07 12:55:06 INFO  [main] o.s.b.w.s.c.ServletWebServerApplicationContext -
				Root WebApplicationContext: initialization completed in 1579 ms
2023-12-07 12:55:07 INFO  [main] o.a.coyote.http11.Http11NioProtocol -
				Starting ProtocolHandler ["http-nio-8080"]
2023-12-07 12:55:07 INFO  [main] o.s.b.w.e.tomcat.TomcatWebServer -
				Tomcat started on port(s): 8080 (http) with context path ''
2023-12-07 12:55:11 INFO  [http-nio-8080-exec-2] o.a.c.c.C.[Tomcat].[localhost].[/] -
				Initializing Spring DispatcherServlet 'dispatcherServlet'
2023-12-07 12:55:11 INFO  [http-nio-8080-exec-2] o.s.web.servlet.DispatcherServlet -
				Initializing Servlet 'dispatcherServlet'
2023-12-07 12:55:11 INFO  [http-nio-8080-exec-2] o.s.web.servlet.DispatcherServlet -
				Completed initialization in 2 ms
2023-12-07 12:55:11 INFO  [http-nio-8080-exec-2] com.zaxxer.hikari.HikariDataSource -
				HikariPool-1 - Starting...
2023-12-07 12:55:12 INFO  [http-nio-8080-exec-2] com.zaxxer.hikari.HikariDataSource -
				HikariPool-1 - Start completed.
2023-12-07 12:56:34 INFO  [main] o.s.b.w.e.tomcat.TomcatWebServer -
				Tomcat initialized with port(s): 8080 (http)
2023-12-07 12:56:34 INFO  [main] o.a.coyote.http11.Http11NioProtocol -
				Initializing ProtocolHandler ["http-nio-8080"]
2023-12-07 12:56:34 INFO  [main] o.a.catalina.core.StandardService -
				Starting service [Tomcat]
2023-12-07 12:56:34 INFO  [main] o.a.catalina.core.StandardEngine -
				Starting Servlet engine: [Apache Tomcat/9.0.80]
2023-12-07 12:56:34 INFO  [main] o.a.c.c.C.[Tomcat].[localhost].[/] -
				Initializing Spring embedded WebApplicationContext
2023-12-07 12:56:34 INFO  [main] o.s.b.w.s.c.ServletWebServerApplicationContext -
				Root WebApplicationContext: initialization completed in 1551 ms
2023-12-07 12:56:35 INFO  [main] o.a.coyote.http11.Http11NioProtocol -
				Starting ProtocolHandler ["http-nio-8080"]
2023-12-07 12:56:35 INFO  [main] o.s.b.w.e.tomcat.TomcatWebServer -
				Tomcat started on port(s): 8080 (http) with context path ''
2023-12-07 12:57:21 INFO  [http-nio-8080-exec-2] o.a.c.c.C.[Tomcat].[localhost].[/] -
				Initializing Spring DispatcherServlet 'dispatcherServlet'
2023-12-07 12:57:21 INFO  [http-nio-8080-exec-2] o.s.web.servlet.DispatcherServlet -
				Initializing Servlet 'dispatcherServlet'
2023-12-07 12:57:21 INFO  [http-nio-8080-exec-2] o.s.web.servlet.DispatcherServlet -
				Completed initialization in 1 ms
2023-12-07 12:57:21 INFO  [http-nio-8080-exec-2] com.zaxxer.hikari.HikariDataSource -
				HikariPool-1 - Starting...
2023-12-07 12:57:21 INFO  [http-nio-8080-exec-2] com.zaxxer.hikari.HikariDataSource -
				HikariPool-1 - Start completed.
2023-12-07 13:00:53 INFO  [main] o.s.b.w.e.tomcat.TomcatWebServer -
				Tomcat initialized with port(s): 8080 (http)
2023-12-07 13:00:54 INFO  [main] o.a.coyote.http11.Http11NioProtocol -
				Initializing ProtocolHandler ["http-nio-8080"]
2023-12-07 13:00:54 INFO  [main] o.a.catalina.core.StandardService -
				Starting service [Tomcat]
2023-12-07 13:00:54 INFO  [main] o.a.catalina.core.StandardEngine -
				Starting Servlet engine: [Apache Tomcat/9.0.80]
2023-12-07 13:00:54 INFO  [main] o.a.c.c.C.[Tomcat].[localhost].[/] -
				Initializing Spring embedded WebApplicationContext
2023-12-07 13:00:54 INFO  [main] o.s.b.w.s.c.ServletWebServerApplicationContext -
				Root WebApplicationContext: initialization completed in 1504 ms
2023-12-07 13:00:55 INFO  [main] o.a.coyote.http11.Http11NioProtocol -
				Starting ProtocolHandler ["http-nio-8080"]
2023-12-07 13:00:55 INFO  [main] o.s.b.w.e.tomcat.TomcatWebServer -
				Tomcat started on port(s): 8080 (http) with context path ''
2023-12-07 13:01:17 INFO  [http-nio-8080-exec-2] o.a.c.c.C.[Tomcat].[localhost].[/] -
				Initializing Spring DispatcherServlet 'dispatcherServlet'
2023-12-07 13:01:17 INFO  [http-nio-8080-exec-2] o.s.web.servlet.DispatcherServlet -
				Initializing Servlet 'dispatcherServlet'
2023-12-07 13:01:17 INFO  [http-nio-8080-exec-2] o.s.web.servlet.DispatcherServlet -
				Completed initialization in 4 ms
2023-12-07 13:01:56 INFO  [http-nio-8080-exec-2] com.zaxxer.hikari.HikariDataSource -
				HikariPool-1 - Starting...
2023-12-07 13:03:30 INFO  [http-nio-8080-exec-2] com.zaxxer.hikari.HikariDataSource -
				HikariPool-1 - Start completed.
2023-12-07 13:14:40 INFO  [main] o.s.b.w.e.tomcat.TomcatWebServer -
				Tomcat initialized with port(s): 8080 (http)
2023-12-07 13:14:40 INFO  [main] o.a.coyote.http11.Http11NioProtocol -
				Initializing ProtocolHandler ["http-nio-8080"]
2023-12-07 13:14:40 INFO  [main] o.a.catalina.core.StandardService -
				Starting service [Tomcat]
2023-12-07 13:14:40 INFO  [main] o.a.catalina.core.StandardEngine -
				Starting Servlet engine: [Apache Tomcat/9.0.80]
2023-12-07 13:14:40 INFO  [main] o.a.c.c.C.[Tomcat].[localhost].[/] -
				Initializing Spring embedded WebApplicationContext
2023-12-07 13:14:40 INFO  [main] o.s.b.w.s.c.ServletWebServerApplicationContext -
				Root WebApplicationContext: initialization completed in 1667 ms
2023-12-07 13:14:41 INFO  [main] o.a.coyote.http11.Http11NioProtocol -
				Starting ProtocolHandler ["http-nio-8080"]
2023-12-07 13:14:41 INFO  [main] o.s.b.w.e.tomcat.TomcatWebServer -
				Tomcat started on port(s): 8080 (http) with context path ''
2023-12-07 13:14:55 INFO  [http-nio-8080-exec-3] o.a.c.c.C.[Tomcat].[localhost].[/] -
				Initializing Spring DispatcherServlet 'dispatcherServlet'
2023-12-07 13:14:55 INFO  [http-nio-8080-exec-3] o.s.web.servlet.DispatcherServlet -
				Initializing Servlet 'dispatcherServlet'
2023-12-07 13:14:55 INFO  [http-nio-8080-exec-3] o.s.web.servlet.DispatcherServlet -
				Completed initialization in 1 ms
2023-12-07 13:14:55 INFO  [http-nio-8080-exec-3] com.zaxxer.hikari.HikariDataSource -
				HikariPool-1 - Starting...
2023-12-07 13:14:56 INFO  [http-nio-8080-exec-3] com.zaxxer.hikari.HikariDataSource -
				HikariPool-1 - Start completed.
2023-12-07 13:18:42 INFO  [main] o.s.b.w.e.tomcat.TomcatWebServer -
				Tomcat initialized with port(s): 8080 (http)
2023-12-07 13:18:42 INFO  [main] o.a.coyote.http11.Http11NioProtocol -
				Initializing ProtocolHandler ["http-nio-8080"]
2023-12-07 13:18:42 INFO  [main] o.a.catalina.core.StandardService -
				Starting service [Tomcat]
2023-12-07 13:18:42 INFO  [main] o.a.catalina.core.StandardEngine -
				Starting Servlet engine: [Apache Tomcat/9.0.80]
2023-12-07 13:18:43 INFO  [main] o.a.c.c.C.[Tomcat].[localhost].[/] -
				Initializing Spring embedded WebApplicationContext
2023-12-07 13:18:43 INFO  [main] o.s.b.w.s.c.ServletWebServerApplicationContext -
				Root WebApplicationContext: initialization completed in 1381 ms
2023-12-07 13:18:43 INFO  [main] o.a.coyote.http11.Http11NioProtocol -
				Starting ProtocolHandler ["http-nio-8080"]
2023-12-07 13:18:43 INFO  [main] o.s.b.w.e.tomcat.TomcatWebServer -
				Tomcat started on port(s): 8080 (http) with context path ''
2023-12-07 13:18:47 INFO  [http-nio-8080-exec-2] o.a.c.c.C.[Tomcat].[localhost].[/] -
				Initializing Spring DispatcherServlet 'dispatcherServlet'
2023-12-07 13:18:47 INFO  [http-nio-8080-exec-2] o.s.web.servlet.DispatcherServlet -
				Initializing Servlet 'dispatcherServlet'
2023-12-07 13:18:47 INFO  [http-nio-8080-exec-2] o.s.web.servlet.DispatcherServlet -
				Completed initialization in 1 ms
2023-12-07 13:18:47 INFO  [http-nio-8080-exec-2] com.zaxxer.hikari.HikariDataSource -
				HikariPool-1 - Starting...
2023-12-07 13:18:48 INFO  [http-nio-8080-exec-2] com.zaxxer.hikari.HikariDataSource -
				HikariPool-1 - Start completed.
2023-12-07 14:42:55 INFO  [main] o.s.b.w.e.tomcat.TomcatWebServer -
				Tomcat initialized with port(s): 8080 (http)
2023-12-07 14:42:55 INFO  [main] o.a.coyote.http11.Http11NioProtocol -
				Initializing ProtocolHandler ["http-nio-8080"]
2023-12-07 14:42:55 INFO  [main] o.a.catalina.core.StandardService -
				Starting service [Tomcat]
2023-12-07 14:42:55 INFO  [main] o.a.catalina.core.StandardEngine -
				Starting Servlet engine: [Apache Tomcat/9.0.80]
2023-12-07 14:42:56 INFO  [main] o.a.c.c.C.[Tomcat].[localhost].[/] -
				Initializing Spring embedded WebApplicationContext
2023-12-07 14:42:56 INFO  [main] o.s.b.w.s.c.ServletWebServerApplicationContext -
				Root WebApplicationContext: initialization completed in 1438 ms
2023-12-07 14:42:56 INFO  [main] o.a.coyote.http11.Http11NioProtocol -
				Starting ProtocolHandler ["http-nio-8080"]
2023-12-07 14:42:56 INFO  [main] o.s.b.w.e.tomcat.TomcatWebServer -
				Tomcat started on port(s): 8080 (http) with context path ''
2023-12-07 14:52:44 INFO  [http-nio-8080-exec-2] o.a.c.c.C.[Tomcat].[localhost].[/] -
				Initializing Spring DispatcherServlet 'dispatcherServlet'
2023-12-07 14:52:44 INFO  [http-nio-8080-exec-2] o.s.web.servlet.DispatcherServlet -
				Initializing Servlet 'dispatcherServlet'
2023-12-07 14:52:44 INFO  [http-nio-8080-exec-2] o.s.web.servlet.DispatcherServlet -
				Completed initialization in 1 ms
2023-12-07 14:52:44 INFO  [http-nio-8080-exec-2] com.zaxxer.hikari.HikariDataSource -
				HikariPool-1 - Starting...
2023-12-07 14:52:45 INFO  [http-nio-8080-exec-2] com.zaxxer.hikari.HikariDataSource -
				HikariPool-1 - Start completed.
2023-12-07 15:15:54 INFO  [main] o.s.b.w.e.tomcat.TomcatWebServer -
				Tomcat initialized with port(s): 8080 (http)
2023-12-07 15:15:54 INFO  [main] o.a.coyote.http11.Http11NioProtocol -
				Initializing ProtocolHandler ["http-nio-8080"]
2023-12-07 15:15:54 INFO  [main] o.a.catalina.core.StandardService -
				Starting service [Tomcat]
2023-12-07 15:15:54 INFO  [main] o.a.catalina.core.StandardEngine -
				Starting Servlet engine: [Apache Tomcat/9.0.80]
2023-12-07 15:15:54 INFO  [main] o.a.c.c.C.[Tomcat].[localhost].[/] -
				Initializing Spring embedded WebApplicationContext
2023-12-07 15:15:54 INFO  [main] o.s.b.w.s.c.ServletWebServerApplicationContext -
				Root WebApplicationContext: initialization completed in 1333 ms
2023-12-07 15:15:54 INFO  [main] o.a.coyote.http11.Http11NioProtocol -
				Starting ProtocolHandler ["http-nio-8080"]
2023-12-07 15:15:54 INFO  [main] o.s.b.w.e.tomcat.TomcatWebServer -
				Tomcat started on port(s): 8080 (http) with context path ''
2023-12-07 15:26:32 INFO  [main] o.s.b.w.e.tomcat.TomcatWebServer -
				Tomcat initialized with port(s): 8080 (http)
2023-12-07 15:26:32 INFO  [main] o.a.coyote.http11.Http11NioProtocol -
				Initializing ProtocolHandler ["http-nio-8080"]
2023-12-07 15:26:32 INFO  [main] o.a.catalina.core.StandardService -
				Starting service [Tomcat]
2023-12-07 15:26:32 INFO  [main] o.a.catalina.core.StandardEngine -
				Starting Servlet engine: [Apache Tomcat/9.0.80]
2023-12-07 15:26:32 INFO  [main] o.a.c.c.C.[Tomcat].[localhost].[/] -
				Initializing Spring embedded WebApplicationContext
2023-12-07 15:26:32 INFO  [main] o.s.b.w.s.c.ServletWebServerApplicationContext -
				Root WebApplicationContext: initialization completed in 1526 ms
2023-12-07 15:26:33 INFO  [main] o.a.coyote.http11.Http11NioProtocol -
				Starting ProtocolHandler ["http-nio-8080"]
2023-12-07 15:26:33 INFO  [main] o.s.b.w.e.tomcat.TomcatWebServer -
				Tomcat started on port(s): 8080 (http) with context path ''
2023-12-07 15:26:42 INFO  [http-nio-8080-exec-2] o.a.c.c.C.[Tomcat].[localhost].[/] -
				Initializing Spring DispatcherServlet 'dispatcherServlet'
2023-12-07 15:26:42 INFO  [http-nio-8080-exec-2] o.s.web.servlet.DispatcherServlet -
				Initializing Servlet 'dispatcherServlet'
2023-12-07 15:26:42 INFO  [http-nio-8080-exec-2] o.s.web.servlet.DispatcherServlet -
				Completed initialization in 0 ms
2023-12-07 15:26:52 INFO  [http-nio-8080-exec-3] com.zaxxer.hikari.HikariDataSource -
				HikariPool-1 - Starting...
2023-12-07 15:26:52 INFO  [http-nio-8080-exec-3] com.zaxxer.hikari.HikariDataSource -
				HikariPool-1 - Start completed.
2023-12-07 15:34:42 INFO  [main] o.s.b.w.e.tomcat.TomcatWebServer -
				Tomcat initialized with port(s): 8080 (http)
2023-12-07 15:34:42 INFO  [main] o.a.coyote.http11.Http11NioProtocol -
				Initializing ProtocolHandler ["http-nio-8080"]
2023-12-07 15:34:42 INFO  [main] o.a.catalina.core.StandardService -
				Starting service [Tomcat]
2023-12-07 15:34:42 INFO  [main] o.a.catalina.core.StandardEngine -
				Starting Servlet engine: [Apache Tomcat/9.0.80]
2023-12-07 15:34:42 INFO  [main] o.a.c.c.C.[Tomcat].[localhost].[/] -
				Initializing Spring embedded WebApplicationContext
2023-12-07 15:34:42 INFO  [main] o.s.b.w.s.c.ServletWebServerApplicationContext -
				Root WebApplicationContext: initialization completed in 1367 ms
2023-12-07 15:34:43 INFO  [main] o.a.coyote.http11.Http11NioProtocol -
				Starting ProtocolHandler ["http-nio-8080"]
2023-12-07 15:34:43 INFO  [main] o.s.b.w.e.tomcat.TomcatWebServer -
				Tomcat started on port(s): 8080 (http) with context path ''
2023-12-07 17:22:27 INFO  [main] o.s.b.w.e.tomcat.TomcatWebServer -
				Tomcat initialized with port(s): 8080 (http)
2023-12-07 17:22:27 INFO  [main] o.a.coyote.http11.Http11NioProtocol -
				Initializing ProtocolHandler ["http-nio-8080"]
2023-12-07 17:22:27 INFO  [main] o.a.catalina.core.StandardService -
				Starting service [Tomcat]
2023-12-07 17:22:27 INFO  [main] o.a.catalina.core.StandardEngine -
				Starting Servlet engine: [Apache Tomcat/9.0.80]
2023-12-07 17:22:27 INFO  [main] o.a.c.c.C.[Tomcat].[localhost].[/] -
				Initializing Spring embedded WebApplicationContext
2023-12-07 17:22:27 INFO  [main] o.s.b.w.s.c.ServletWebServerApplicationContext -
				Root WebApplicationContext: initialization completed in 1532 ms
2023-12-07 17:22:28 INFO  [main] o.a.coyote.http11.Http11NioProtocol -
				Starting ProtocolHandler ["http-nio-8080"]
2023-12-07 17:22:28 INFO  [main] o.s.b.w.e.tomcat.TomcatWebServer -
				Tomcat started on port(s): 8080 (http) with context path ''
2023-12-07 17:22:45 INFO  [http-nio-8080-exec-2] o.a.c.c.C.[Tomcat].[localhost].[/] -
				Initializing Spring DispatcherServlet 'dispatcherServlet'
2023-12-07 17:22:45 INFO  [http-nio-8080-exec-2] o.s.web.servlet.DispatcherServlet -
				Initializing Servlet 'dispatcherServlet'
2023-12-07 17:22:45 INFO  [http-nio-8080-exec-2] o.s.web.servlet.DispatcherServlet -
				Completed initialization in 1 ms
2023-12-07 17:22:45 INFO  [http-nio-8080-exec-2] com.zaxxer.hikari.HikariDataSource -
				HikariPool-1 - Starting...
2023-12-07 17:22:46 INFO  [http-nio-8080-exec-2] com.zaxxer.hikari.HikariDataSource -
				HikariPool-1 - Start completed.
2023-12-07 19:15:42 INFO  [main] o.s.b.w.e.tomcat.TomcatWebServer -
				Tomcat initialized with port(s): 8080 (http)
2023-12-07 19:15:42 INFO  [main] o.a.coyote.http11.Http11NioProtocol -
				Initializing ProtocolHandler ["http-nio-8080"]
2023-12-07 19:15:42 INFO  [main] o.a.catalina.core.StandardService -
				Starting service [Tomcat]
2023-12-07 19:15:42 INFO  [main] o.a.catalina.core.StandardEngine -
				Starting Servlet engine: [Apache Tomcat/9.0.80]
2023-12-07 19:15:42 INFO  [main] o.a.c.c.C.[Tomcat].[localhost].[/] -
				Initializing Spring embedded WebApplicationContext
2023-12-07 19:15:42 INFO  [main] o.s.b.w.s.c.ServletWebServerApplicationContext -
				Root WebApplicationContext: initialization completed in 1425 ms
2023-12-07 19:15:43 INFO  [main] o.a.coyote.http11.Http11NioProtocol -
				Starting ProtocolHandler ["http-nio-8080"]
2023-12-07 19:15:43 INFO  [main] o.s.b.w.e.tomcat.TomcatWebServer -
				Tomcat started on port(s): 8080 (http) with context path ''
2023-12-07 19:15:50 INFO  [http-nio-8080-exec-1] o.a.c.c.C.[Tomcat].[localhost].[/] -
				Initializing Spring DispatcherServlet 'dispatcherServlet'
2023-12-07 19:15:50 INFO  [http-nio-8080-exec-1] o.s.web.servlet.DispatcherServlet -
				Initializing Servlet 'dispatcherServlet'
2023-12-07 19:15:50 INFO  [http-nio-8080-exec-1] o.s.web.servlet.DispatcherServlet -
				Completed initialization in 1 ms
2023-12-07 19:16:22 INFO  [main] o.s.b.w.e.tomcat.TomcatWebServer -
				Tomcat initialized with port(s): 8080 (http)
2023-12-07 19:16:22 INFO  [main] o.a.coyote.http11.Http11NioProtocol -
				Initializing ProtocolHandler ["http-nio-8080"]
2023-12-07 19:16:22 INFO  [main] o.a.catalina.core.StandardService -
				Starting service [Tomcat]
2023-12-07 19:16:22 INFO  [main] o.a.catalina.core.StandardEngine -
				Starting Servlet engine: [Apache Tomcat/9.0.80]
2023-12-07 19:16:22 INFO  [main] o.a.c.c.C.[Tomcat].[localhost].[/] -
				Initializing Spring embedded WebApplicationContext
2023-12-07 19:16:22 INFO  [main] o.s.b.w.s.c.ServletWebServerApplicationContext -
				Root WebApplicationContext: initialization completed in 1383 ms
2023-12-07 19:16:23 INFO  [main] o.a.coyote.http11.Http11NioProtocol -
				Starting ProtocolHandler ["http-nio-8080"]
2023-12-07 19:16:23 INFO  [main] o.s.b.w.e.tomcat.TomcatWebServer -
				Tomcat started on port(s): 8080 (http) with context path ''
2023-12-07 19:16:26 INFO  [http-nio-8080-exec-1] o.a.c.c.C.[Tomcat].[localhost].[/] -
				Initializing Spring DispatcherServlet 'dispatcherServlet'
2023-12-07 19:16:26 INFO  [http-nio-8080-exec-1] o.s.web.servlet.DispatcherServlet -
				Initializing Servlet 'dispatcherServlet'
2023-12-07 19:16:26 INFO  [http-nio-8080-exec-1] o.s.web.servlet.DispatcherServlet -
				Completed initialization in 1 ms
2023-12-07 19:26:19 INFO  [main] o.s.b.w.e.tomcat.TomcatWebServer -
				Tomcat initialized with port(s): 8080 (http)
2023-12-07 19:26:19 INFO  [main] o.a.coyote.http11.Http11NioProtocol -
				Initializing ProtocolHandler ["http-nio-8080"]
2023-12-07 19:26:19 INFO  [main] o.a.catalina.core.StandardService -
				Starting service [Tomcat]
2023-12-07 19:26:19 INFO  [main] o.a.catalina.core.StandardEngine -
				Starting Servlet engine: [Apache Tomcat/9.0.80]
2023-12-07 19:26:19 INFO  [main] o.a.c.c.C.[Tomcat].[localhost].[/] -
				Initializing Spring embedded WebApplicationContext
2023-12-07 19:26:19 INFO  [main] o.s.b.w.s.c.ServletWebServerApplicationContext -
				Root WebApplicationContext: initialization completed in 1409 ms
2023-12-07 19:26:20 INFO  [main] o.a.coyote.http11.Http11NioProtocol -
				Starting ProtocolHandler ["http-nio-8080"]
2023-12-07 19:26:20 INFO  [main] o.s.b.w.e.tomcat.TomcatWebServer -
				Tomcat started on port(s): 8080 (http) with context path ''
2023-12-07 19:26:30 INFO  [http-nio-8080-exec-2] o.a.c.c.C.[Tomcat].[localhost].[/] -
				Initializing Spring DispatcherServlet 'dispatcherServlet'
2023-12-07 19:26:30 INFO  [http-nio-8080-exec-2] o.s.web.servlet.DispatcherServlet -
				Initializing Servlet 'dispatcherServlet'
2023-12-07 19:26:30 INFO  [http-nio-8080-exec-2] o.s.web.servlet.DispatcherServlet -
				Completed initialization in 1 ms
2023-12-07 19:26:30 INFO  [http-nio-8080-exec-2] com.zaxxer.hikari.HikariDataSource -
				HikariPool-1 - Starting...
2023-12-07 19:26:31 INFO  [http-nio-8080-exec-2] com.zaxxer.hikari.HikariDataSource -
				HikariPool-1 - Start completed.
2023-12-07 19:28:39 INFO  [main] o.s.b.w.e.tomcat.TomcatWebServer -
				Tomcat initialized with port(s): 8080 (http)
2023-12-07 19:28:39 INFO  [main] o.a.coyote.http11.Http11NioProtocol -
				Initializing ProtocolHandler ["http-nio-8080"]
2023-12-07 19:28:39 INFO  [main] o.a.catalina.core.StandardService -
				Starting service [Tomcat]
2023-12-07 19:28:39 INFO  [main] o.a.catalina.core.StandardEngine -
				Starting Servlet engine: [Apache Tomcat/9.0.80]
2023-12-07 19:28:39 INFO  [main] o.a.c.c.C.[Tomcat].[localhost].[/] -
				Initializing Spring embedded WebApplicationContext
2023-12-07 19:28:39 INFO  [main] o.s.b.w.s.c.ServletWebServerApplicationContext -
				Root WebApplicationContext: initialization completed in 1466 ms
2023-12-07 19:28:40 INFO  [main] o.a.coyote.http11.Http11NioProtocol -
				Starting ProtocolHandler ["http-nio-8080"]
2023-12-07 19:28:40 INFO  [main] o.s.b.w.e.tomcat.TomcatWebServer -
				Tomcat started on port(s): 8080 (http) with context path ''
2023-12-07 19:28:45 INFO  [http-nio-8080-exec-2] o.a.c.c.C.[Tomcat].[localhost].[/] -
				Initializing Spring DispatcherServlet 'dispatcherServlet'
2023-12-07 19:28:45 INFO  [http-nio-8080-exec-2] o.s.web.servlet.DispatcherServlet -
				Initializing Servlet 'dispatcherServlet'
2023-12-07 19:28:45 INFO  [http-nio-8080-exec-2] o.s.web.servlet.DispatcherServlet -
				Completed initialization in 4 ms
2023-12-07 19:28:45 INFO  [http-nio-8080-exec-2] com.zaxxer.hikari.HikariDataSource -
				HikariPool-1 - Starting...
2023-12-07 19:28:45 INFO  [http-nio-8080-exec-2] com.zaxxer.hikari.HikariDataSource -
				HikariPool-1 - Start completed.
2023-12-07 19:29:54 INFO  [main] o.s.b.w.e.tomcat.TomcatWebServer -
				Tomcat initialized with port(s): 8080 (http)
2023-12-07 19:29:54 INFO  [main] o.a.coyote.http11.Http11NioProtocol -
				Initializing ProtocolHandler ["http-nio-8080"]
2023-12-07 19:29:54 INFO  [main] o.a.catalina.core.StandardService -
				Starting service [Tomcat]
2023-12-07 19:29:54 INFO  [main] o.a.catalina.core.StandardEngine -
				Starting Servlet engine: [Apache Tomcat/9.0.80]
2023-12-07 19:29:54 INFO  [main] o.a.c.c.C.[Tomcat].[localhost].[/] -
				Initializing Spring embedded WebApplicationContext
2023-12-07 19:29:54 INFO  [main] o.s.b.w.s.c.ServletWebServerApplicationContext -
				Root WebApplicationContext: initialization completed in 1391 ms
2023-12-07 19:29:55 INFO  [main] o.a.coyote.http11.Http11NioProtocol -
				Starting ProtocolHandler ["http-nio-8080"]
2023-12-07 19:29:55 INFO  [main] o.s.b.w.e.tomcat.TomcatWebServer -
				Tomcat started on port(s): 8080 (http) with context path ''
2023-12-07 19:30:01 INFO  [http-nio-8080-exec-2] o.a.c.c.C.[Tomcat].[localhost].[/] -
				Initializing Spring DispatcherServlet 'dispatcherServlet'
2023-12-07 19:30:01 INFO  [http-nio-8080-exec-2] o.s.web.servlet.DispatcherServlet -
				Initializing Servlet 'dispatcherServlet'
2023-12-07 19:30:01 INFO  [http-nio-8080-exec-2] o.s.web.servlet.DispatcherServlet -
				Completed initialization in 1 ms
2023-12-07 19:30:01 INFO  [http-nio-8080-exec-2] com.zaxxer.hikari.HikariDataSource -
				HikariPool-1 - Starting...
2023-12-07 19:30:02 INFO  [http-nio-8080-exec-2] com.zaxxer.hikari.HikariDataSource -
				HikariPool-1 - Start completed.
2023-12-07 19:30:41 INFO  [main] o.s.b.w.e.tomcat.TomcatWebServer -
				Tomcat initialized with port(s): 8080 (http)
2023-12-07 19:30:41 INFO  [main] o.a.coyote.http11.Http11NioProtocol -
				Initializing ProtocolHandler ["http-nio-8080"]
2023-12-07 19:30:41 INFO  [main] o.a.catalina.core.StandardService -
				Starting service [Tomcat]
2023-12-07 19:30:41 INFO  [main] o.a.catalina.core.StandardEngine -
				Starting Servlet engine: [Apache Tomcat/9.0.80]
2023-12-07 19:30:41 INFO  [main] o.a.c.c.C.[Tomcat].[localhost].[/] -
				Initializing Spring embedded WebApplicationContext
2023-12-07 19:30:41 INFO  [main] o.s.b.w.s.c.ServletWebServerApplicationContext -
				Root WebApplicationContext: initialization completed in 1360 ms
2023-12-07 19:30:42 INFO  [main] o.a.coyote.http11.Http11NioProtocol -
				Starting ProtocolHandler ["http-nio-8080"]
2023-12-07 19:30:42 INFO  [main] o.s.b.w.e.tomcat.TomcatWebServer -
				Tomcat started on port(s): 8080 (http) with context path ''
2023-12-07 19:30:49 INFO  [http-nio-8080-exec-1] o.a.c.c.C.[Tomcat].[localhost].[/] -
				Initializing Spring DispatcherServlet 'dispatcherServlet'
2023-12-07 19:30:49 INFO  [http-nio-8080-exec-1] o.s.web.servlet.DispatcherServlet -
				Initializing Servlet 'dispatcherServlet'
2023-12-07 19:30:49 INFO  [http-nio-8080-exec-1] o.s.web.servlet.DispatcherServlet -
				Completed initialization in 3 ms
2023-12-07 19:30:49 INFO  [http-nio-8080-exec-1] com.zaxxer.hikari.HikariDataSource -
				HikariPool-1 - Starting...
2023-12-07 19:30:50 INFO  [http-nio-8080-exec-1] com.zaxxer.hikari.HikariDataSource -
				HikariPool-1 - Start completed.
2023-12-07 19:31:53 INFO  [main] o.s.b.w.e.tomcat.TomcatWebServer -
				Tomcat initialized with port(s): 8080 (http)
2023-12-07 19:31:53 INFO  [main] o.a.coyote.http11.Http11NioProtocol -
				Initializing ProtocolHandler ["http-nio-8080"]
2023-12-07 19:31:53 INFO  [main] o.a.catalina.core.StandardService -
				Starting service [Tomcat]
2023-12-07 19:31:53 INFO  [main] o.a.catalina.core.StandardEngine -
				Starting Servlet engine: [Apache Tomcat/9.0.80]
2023-12-07 19:31:53 INFO  [main] o.a.c.c.C.[Tomcat].[localhost].[/] -
				Initializing Spring embedded WebApplicationContext
2023-12-07 19:31:53 INFO  [main] o.s.b.w.s.c.ServletWebServerApplicationContext -
				Root WebApplicationContext: initialization completed in 1409 ms
2023-12-07 19:31:54 INFO  [main] o.a.coyote.http11.Http11NioProtocol -
				Starting ProtocolHandler ["http-nio-8080"]
2023-12-07 19:31:54 INFO  [main] o.s.b.w.e.tomcat.TomcatWebServer -
				Tomcat started on port(s): 8080 (http) with context path ''
2023-12-07 19:31:59 INFO  [http-nio-8080-exec-2] o.a.c.c.C.[Tomcat].[localhost].[/] -
				Initializing Spring DispatcherServlet 'dispatcherServlet'
2023-12-07 19:31:59 INFO  [http-nio-8080-exec-2] o.s.web.servlet.DispatcherServlet -
				Initializing Servlet 'dispatcherServlet'
2023-12-07 19:31:59 INFO  [http-nio-8080-exec-2] o.s.web.servlet.DispatcherServlet -
				Completed initialization in 1 ms
2023-12-07 19:32:43 INFO  [main] o.s.b.w.e.tomcat.TomcatWebServer -
				Tomcat initialized with port(s): 8080 (http)
2023-12-07 19:32:43 INFO  [main] o.a.coyote.http11.Http11NioProtocol -
				Initializing ProtocolHandler ["http-nio-8080"]
2023-12-07 19:32:43 INFO  [main] o.a.catalina.core.StandardService -
				Starting service [Tomcat]
2023-12-07 19:32:43 INFO  [main] o.a.catalina.core.StandardEngine -
				Starting Servlet engine: [Apache Tomcat/9.0.80]
2023-12-07 19:32:43 INFO  [main] o.a.c.c.C.[Tomcat].[localhost].[/] -
				Initializing Spring embedded WebApplicationContext
2023-12-07 19:32:43 INFO  [main] o.s.b.w.s.c.ServletWebServerApplicationContext -
				Root WebApplicationContext: initialization completed in 1345 ms
2023-12-07 19:32:44 INFO  [main] o.a.coyote.http11.Http11NioProtocol -
				Starting ProtocolHandler ["http-nio-8080"]
2023-12-07 19:32:44 INFO  [main] o.s.b.w.e.tomcat.TomcatWebServer -
				Tomcat started on port(s): 8080 (http) with context path ''
2023-12-07 19:32:47 INFO  [http-nio-8080-exec-2] o.a.c.c.C.[Tomcat].[localhost].[/] -
				Initializing Spring DispatcherServlet 'dispatcherServlet'
2023-12-07 19:32:47 INFO  [http-nio-8080-exec-2] o.s.web.servlet.DispatcherServlet -
				Initializing Servlet 'dispatcherServlet'
2023-12-07 19:32:47 INFO  [http-nio-8080-exec-2] o.s.web.servlet.DispatcherServlet -
				Completed initialization in 1 ms
2023-12-07 19:33:02 INFO  [http-nio-8080-exec-2] com.zaxxer.hikari.HikariDataSource -
				HikariPool-1 - Starting...
2023-12-07 19:34:05 INFO  [main] o.s.b.w.e.tomcat.TomcatWebServer -
				Tomcat initialized with port(s): 8080 (http)
2023-12-07 19:34:05 INFO  [main] o.a.coyote.http11.Http11NioProtocol -
				Initializing ProtocolHandler ["http-nio-8080"]
2023-12-07 19:34:05 INFO  [main] o.a.catalina.core.StandardService -
				Starting service [Tomcat]
2023-12-07 19:34:05 INFO  [main] o.a.catalina.core.StandardEngine -
				Starting Servlet engine: [Apache Tomcat/9.0.80]
2023-12-07 19:34:05 INFO  [main] o.a.c.c.C.[Tomcat].[localhost].[/] -
				Initializing Spring embedded WebApplicationContext
2023-12-07 19:34:05 INFO  [main] o.s.b.w.s.c.ServletWebServerApplicationContext -
				Root WebApplicationContext: initialization completed in 1492 ms
2023-12-07 19:34:06 INFO  [main] o.a.coyote.http11.Http11NioProtocol -
				Starting ProtocolHandler ["http-nio-8080"]
2023-12-07 19:34:06 INFO  [main] o.s.b.w.e.tomcat.TomcatWebServer -
				Tomcat started on port(s): 8080 (http) with context path ''
2023-12-07 19:34:09 INFO  [http-nio-8080-exec-1] o.a.c.c.C.[Tomcat].[localhost].[/] -
				Initializing Spring DispatcherServlet 'dispatcherServlet'
2023-12-07 19:34:09 INFO  [http-nio-8080-exec-1] o.s.web.servlet.DispatcherServlet -
				Initializing Servlet 'dispatcherServlet'
2023-12-07 19:34:09 INFO  [http-nio-8080-exec-1] o.s.web.servlet.DispatcherServlet -
				Completed initialization in 2 ms
2023-12-07 19:34:10 INFO  [http-nio-8080-exec-1] com.zaxxer.hikari.HikariDataSource -
				HikariPool-1 - Starting...
2023-12-07 19:34:10 INFO  [http-nio-8080-exec-1] com.zaxxer.hikari.HikariDataSource -
				HikariPool-1 - Start completed.
2023-12-07 19:46:36 INFO  [main] o.s.b.w.e.tomcat.TomcatWebServer -
				Tomcat initialized with port(s): 8080 (http)
2023-12-07 19:46:36 INFO  [main] o.a.coyote.http11.Http11NioProtocol -
				Initializing ProtocolHandler ["http-nio-8080"]
2023-12-07 19:46:36 INFO  [main] o.a.catalina.core.StandardService -
				Starting service [Tomcat]
2023-12-07 19:46:36 INFO  [main] o.a.catalina.core.StandardEngine -
				Starting Servlet engine: [Apache Tomcat/9.0.80]
2023-12-07 19:46:36 INFO  [main] o.a.c.c.C.[Tomcat].[localhost].[/] -
				Initializing Spring embedded WebApplicationContext
2023-12-07 19:46:36 INFO  [main] o.s.b.w.s.c.ServletWebServerApplicationContext -
				Root WebApplicationContext: initialization completed in 1562 ms
2023-12-07 19:46:37 INFO  [main] o.a.coyote.http11.Http11NioProtocol -
				Starting ProtocolHandler ["http-nio-8080"]
2023-12-07 19:46:37 INFO  [main] o.s.b.w.e.tomcat.TomcatWebServer -
				Tomcat started on port(s): 8080 (http) with context path ''
2023-12-07 19:46:45 INFO  [http-nio-8080-exec-2] o.a.c.c.C.[Tomcat].[localhost].[/] -
				Initializing Spring DispatcherServlet 'dispatcherServlet'
2023-12-07 19:46:45 INFO  [http-nio-8080-exec-2] o.s.web.servlet.DispatcherServlet -
				Initializing Servlet 'dispatcherServlet'
2023-12-07 19:46:45 INFO  [http-nio-8080-exec-2] o.s.web.servlet.DispatcherServlet -
				Completed initialization in 2 ms
2023-12-07 19:46:45 INFO  [http-nio-8080-exec-2] com.zaxxer.hikari.HikariDataSource -
				HikariPool-1 - Starting...
2023-12-07 19:46:45 INFO  [http-nio-8080-exec-2] com.zaxxer.hikari.HikariDataSource -
				HikariPool-1 - Start completed.
